2019-10-17 16:13:27.609 [main] INFO  com.xxl.job.admin.XxlJobAdminApplication - Starting XxlJobAdminApplication on hnoe-dev-tqd with PID 13196 (F:\workspaces\base-modules\xxl-job\xxl-job-admin\target\classes started by hnoe-dev-tqd in F:\workspaces\base-modules\xxl-job\xxl-job-admin)
2019-10-17 16:13:27.625 [main] INFO  com.xxl.job.admin.XxlJobAdminApplication - The following profiles are active: dev
2019-10-17 16:13:27.826 [main] INFO  org.springframework.boot.context.embedded.AnnotationConfigEmbeddedWebApplicationContext - Refreshing org.springframework.boot.context.embedded.AnnotationConfigEmbeddedWebApplicationContext@4b45a2f5: startup date [Thu Oct 17 16:13:27 CST 2019]; root of context hierarchy
2019-10-17 16:13:27.849 [background-preinit] INFO  org.hibernate.validator.internal.util.Version - HV000001: Hibernate Validator 5.3.6.Final
2019-10-17 16:13:29.388 [main] INFO  org.springframework.boot.context.embedded.tomcat.TomcatEmbeddedServletContainer - Tomcat initialized with port(s): 8080 (http)
2019-10-17 16:13:29.407 [main] INFO  org.apache.coyote.http11.Http11NioProtocol - Initializing ProtocolHandler ["http-nio-8080"]
2019-10-17 16:13:29.431 [main] INFO  org.apache.catalina.core.StandardService - Starting service [Tomcat]
2019-10-17 16:13:29.432 [main] INFO  org.apache.catalina.core.StandardEngine - Starting Servlet Engine: Apache Tomcat/8.5.40
2019-10-17 16:13:29.540 [localhost-startStop-1] INFO  org.apache.catalina.core.ContainerBase.[Tomcat].[localhost].[/xxl-job-admin] - Initializing Spring embedded WebApplicationContext
2019-10-17 16:13:29.540 [localhost-startStop-1] INFO  org.springframework.web.context.ContextLoader - Root WebApplicationContext: initialization completed in 1714 ms
2019-10-17 16:13:29.664 [localhost-startStop-1] INFO  org.springframework.boot.web.servlet.ServletRegistrationBean - Mapping servlet: 'dispatcherServlet' to [/]
2019-10-17 16:13:29.664 [localhost-startStop-1] INFO  org.springframework.boot.web.servlet.FilterRegistrationBean - Mapping filter: 'characterEncodingFilter' to: [/*]
2019-10-17 16:13:29.664 [localhost-startStop-1] INFO  org.springframework.boot.web.servlet.FilterRegistrationBean - Mapping filter: 'hiddenHttpMethodFilter' to: [/*]
2019-10-17 16:13:29.680 [localhost-startStop-1] INFO  org.springframework.boot.web.servlet.FilterRegistrationBean - Mapping filter: 'httpPutFormContentFilter' to: [/*]
2019-10-17 16:13:29.680 [localhost-startStop-1] INFO  org.springframework.boot.web.servlet.FilterRegistrationBean - Mapping filter: 'requestContextFilter' to: [/*]
2019-10-17 16:13:30.325 [main] INFO  com.xxl.rpc.remoting.provider.XxlRpcProviderFactory - >>>>>>>>>>> xxl-rpc, provider factory add service success. serviceKey = com.xxl.job.core.biz.AdminBiz, serviceBean = class com.xxl.job.admin.service.impl.AdminBizImpl
2019-10-17 16:13:30.344 [main] INFO  com.xxl.job.admin.core.conf.XxlJobScheduler - >>>>>>>>> init xxl-job admin success.
2019-10-17 16:13:30.629 [main] INFO  org.springframework.web.servlet.mvc.method.annotation.RequestMappingHandlerAdapter - Looking for @ControllerAdvice: org.springframework.boot.context.embedded.AnnotationConfigEmbeddedWebApplicationContext@4b45a2f5: startup date [Thu Oct 17 16:13:27 CST 2019]; root of context hierarchy
2019-10-17 16:13:30.701 [main] INFO  org.springframework.web.servlet.mvc.method.annotation.RequestMappingHandlerMapping - Mapped "{[/help]}" onto public java.lang.String com.xxl.job.admin.controller.IndexController.help()
2019-10-17 16:13:30.702 [main] INFO  org.springframework.web.servlet.mvc.method.annotation.RequestMappingHandlerMapping - Mapped "{[/]}" onto public java.lang.String com.xxl.job.admin.controller.IndexController.index(org.springframework.ui.Model)
2019-10-17 16:13:30.702 [main] INFO  org.springframework.web.servlet.mvc.method.annotation.RequestMappingHandlerMapping - Mapped "{[/login],methods=[POST]}" onto public com.xxl.job.core.biz.model.ReturnT<java.lang.String> com.xxl.job.admin.controller.IndexController.loginDo(javax.servlet.http.HttpServletRequest,javax.servlet.http.HttpServletResponse,java.lang.String,java.lang.String,java.lang.String)
2019-10-17 16:13:30.703 [main] INFO  org.springframework.web.servlet.mvc.method.annotation.RequestMappingHandlerMapping - Mapped "{[/logout],methods=[POST]}" onto public com.xxl.job.core.biz.model.ReturnT<java.lang.String> com.xxl.job.admin.controller.IndexController.logout(javax.servlet.http.HttpServletRequest,javax.servlet.http.HttpServletResponse)
2019-10-17 16:13:30.703 [main] INFO  org.springframework.web.servlet.mvc.method.annotation.RequestMappingHandlerMapping - Mapped "{[/chartInfo]}" onto public com.xxl.job.core.biz.model.ReturnT<java.util.Map<java.lang.String, java.lang.Object>> com.xxl.job.admin.controller.IndexController.chartInfo(java.util.Date,java.util.Date)
2019-10-17 16:13:30.703 [main] INFO  org.springframework.web.servlet.mvc.method.annotation.RequestMappingHandlerMapping - Mapped "{[/toLogin]}" onto public java.lang.String com.xxl.job.admin.controller.IndexController.toLogin(javax.servlet.http.HttpServletRequest,javax.servlet.http.HttpServletResponse)
2019-10-17 16:13:30.704 [main] INFO  org.springframework.web.servlet.mvc.method.annotation.RequestMappingHandlerMapping - Mapped "{[/api]}" onto public void com.xxl.job.admin.controller.JobApiController.api(javax.servlet.http.HttpServletRequest,javax.servlet.http.HttpServletResponse) throws java.io.IOException,javax.servlet.ServletException
2019-10-17 16:13:30.706 [main] INFO  org.springframework.web.servlet.mvc.method.annotation.RequestMappingHandlerMapping - Mapped "{[/jobcode]}" onto public java.lang.String com.xxl.job.admin.controller.JobCodeController.index(javax.servlet.http.HttpServletRequest,org.springframework.ui.Model,int)
2019-10-17 16:13:30.707 [main] INFO  org.springframework.web.servlet.mvc.method.annotation.RequestMappingHandlerMapping - Mapped "{[/jobcode/save]}" onto public com.xxl.job.core.biz.model.ReturnT<java.lang.String> com.xxl.job.admin.controller.JobCodeController.save(org.springframework.ui.Model,int,java.lang.String,java.lang.String)
2019-10-17 16:13:30.709 [main] INFO  org.springframework.web.servlet.mvc.method.annotation.RequestMappingHandlerMapping - Mapped "{[/jobgroup]}" onto public java.lang.String com.xxl.job.admin.controller.JobGroupController.index(org.springframework.ui.Model)
2019-10-17 16:13:30.709 [main] INFO  org.springframework.web.servlet.mvc.method.annotation.RequestMappingHandlerMapping - Mapped "{[/jobgroup/remove]}" onto public com.xxl.job.core.biz.model.ReturnT<java.lang.String> com.xxl.job.admin.controller.JobGroupController.remove(int)
2019-10-17 16:13:30.709 [main] INFO  org.springframework.web.servlet.mvc.method.annotation.RequestMappingHandlerMapping - Mapped "{[/jobgroup/update]}" onto public com.xxl.job.core.biz.model.ReturnT<java.lang.String> com.xxl.job.admin.controller.JobGroupController.update(com.xxl.job.admin.core.model.XxlJobGroup)
2019-10-17 16:13:30.710 [main] INFO  org.springframework.web.servlet.mvc.method.annotation.RequestMappingHandlerMapping - Mapped "{[/jobgroup/save]}" onto public com.xxl.job.core.biz.model.ReturnT<java.lang.String> com.xxl.job.admin.controller.JobGroupController.save(com.xxl.job.admin.core.model.XxlJobGroup)
2019-10-17 16:13:30.710 [main] INFO  org.springframework.web.servlet.mvc.method.annotation.RequestMappingHandlerMapping - Mapped "{[/jobgroup/loadById]}" onto public com.xxl.job.core.biz.model.ReturnT<com.xxl.job.admin.core.model.XxlJobGroup> com.xxl.job.admin.controller.JobGroupController.loadById(int)
2019-10-17 16:13:30.713 [main] INFO  org.springframework.web.servlet.mvc.method.annotation.RequestMappingHandlerMapping - Mapped "{[/jobinfo]}" onto public java.lang.String com.xxl.job.admin.controller.JobInfoController.index(javax.servlet.http.HttpServletRequest,org.springframework.ui.Model,int)
2019-10-17 16:13:30.714 [main] INFO  org.springframework.web.servlet.mvc.method.annotation.RequestMappingHandlerMapping - Mapped "{[/jobinfo/add]}" onto public com.xxl.job.core.biz.model.ReturnT<java.lang.String> com.xxl.job.admin.controller.JobInfoController.add(com.xxl.job.admin.core.model.XxlJobInfo)
2019-10-17 16:13:30.714 [main] INFO  org.springframework.web.servlet.mvc.method.annotation.RequestMappingHandlerMapping - Mapped "{[/jobinfo/remove]}" onto public com.xxl.job.core.biz.model.ReturnT<java.lang.String> com.xxl.job.admin.controller.JobInfoController.remove(int)
2019-10-17 16:13:30.714 [main] INFO  org.springframework.web.servlet.mvc.method.annotation.RequestMappingHandlerMapping - Mapped "{[/jobinfo/update]}" onto public com.xxl.job.core.biz.model.ReturnT<java.lang.String> com.xxl.job.admin.controller.JobInfoController.update(com.xxl.job.admin.core.model.XxlJobInfo)
2019-10-17 16:13:30.715 [main] INFO  org.springframework.web.servlet.mvc.method.annotation.RequestMappingHandlerMapping - Mapped "{[/jobinfo/start]}" onto public com.xxl.job.core.biz.model.ReturnT<java.lang.String> com.xxl.job.admin.controller.JobInfoController.start(int)
2019-10-17 16:13:30.715 [main] INFO  org.springframework.web.servlet.mvc.method.annotation.RequestMappingHandlerMapping - Mapped "{[/jobinfo/pageList]}" onto public java.util.Map<java.lang.String, java.lang.Object> com.xxl.job.admin.controller.JobInfoController.pageList(int,int,int,int,java.lang.String,java.lang.String,java.lang.String)
2019-10-17 16:13:30.715 [main] INFO  org.springframework.web.servlet.mvc.method.annotation.RequestMappingHandlerMapping - Mapped "{[/jobinfo/stop]}" onto public com.xxl.job.core.biz.model.ReturnT<java.lang.String> com.xxl.job.admin.controller.JobInfoController.pause(int)
2019-10-17 16:13:30.715 [main] INFO  org.springframework.web.servlet.mvc.method.annotation.RequestMappingHandlerMapping - Mapped "{[/jobinfo/trigger]}" onto public com.xxl.job.core.biz.model.ReturnT<java.lang.String> com.xxl.job.admin.controller.JobInfoController.triggerJob(int,java.lang.String)
2019-10-17 16:13:30.718 [main] INFO  org.springframework.web.servlet.mvc.method.annotation.RequestMappingHandlerMapping - Mapped "{[/joblog]}" onto public java.lang.String com.xxl.job.admin.controller.JobLogController.index(javax.servlet.http.HttpServletRequest,org.springframework.ui.Model,java.lang.Integer)
2019-10-17 16:13:30.719 [main] INFO  org.springframework.web.servlet.mvc.method.annotation.RequestMappingHandlerMapping - Mapped "{[/joblog/logKill]}" onto public com.xxl.job.core.biz.model.ReturnT<java.lang.String> com.xxl.job.admin.controller.JobLogController.logKill(int)
2019-10-17 16:13:30.719 [main] INFO  org.springframework.web.servlet.mvc.method.annotation.RequestMappingHandlerMapping - Mapped "{[/joblog/getJobsByGroup]}" onto public com.xxl.job.core.biz.model.ReturnT<java.util.List<com.xxl.job.admin.core.model.XxlJobInfo>> com.xxl.job.admin.controller.JobLogController.getJobsByGroup(int)
2019-10-17 16:13:30.720 [main] INFO  org.springframework.web.servlet.mvc.method.annotation.RequestMappingHandlerMapping - Mapped "{[/joblog/logDetailCat]}" onto public com.xxl.job.core.biz.model.ReturnT<com.xxl.job.core.biz.model.LogResult> com.xxl.job.admin.controller.JobLogController.logDetailCat(java.lang.String,long,long,int)
2019-10-17 16:13:30.720 [main] INFO  org.springframework.web.servlet.mvc.method.annotation.RequestMappingHandlerMapping - Mapped "{[/joblog/pageList]}" onto public java.util.Map<java.lang.String, java.lang.Object> com.xxl.job.admin.controller.JobLogController.pageList(javax.servlet.http.HttpServletRequest,int,int,int,int,int,java.lang.String)
2019-10-17 16:13:30.720 [main] INFO  org.springframework.web.servlet.mvc.method.annotation.RequestMappingHandlerMapping - Mapped "{[/joblog/logDetailPage]}" onto public java.lang.String com.xxl.job.admin.controller.JobLogController.logDetailPage(int,org.springframework.ui.Model)
2019-10-17 16:13:30.720 [main] INFO  org.springframework.web.servlet.mvc.method.annotation.RequestMappingHandlerMapping - Mapped "{[/joblog/clearLog]}" onto public com.xxl.job.core.biz.model.ReturnT<java.lang.String> com.xxl.job.admin.controller.JobLogController.clearLog(int,int,int)
2019-10-17 16:13:30.721 [main] INFO  org.springframework.web.servlet.mvc.method.annotation.RequestMappingHandlerMapping - Mapped "{[/user]}" onto public java.lang.String com.xxl.job.admin.controller.UserController.index(org.springframework.ui.Model)
2019-10-17 16:13:30.721 [main] INFO  org.springframework.web.servlet.mvc.method.annotation.RequestMappingHandlerMapping - Mapped "{[/user/add]}" onto public com.xxl.job.core.biz.model.ReturnT<java.lang.String> com.xxl.job.admin.controller.UserController.add(com.xxl.job.admin.core.model.XxlJobUser)
2019-10-17 16:13:30.721 [main] INFO  org.springframework.web.servlet.mvc.method.annotation.RequestMappingHandlerMapping - Mapped "{[/user/remove]}" onto public com.xxl.job.core.biz.model.ReturnT<java.lang.String> com.xxl.job.admin.controller.UserController.remove(javax.servlet.http.HttpServletRequest,int)
2019-10-17 16:13:30.722 [main] INFO  org.springframework.web.servlet.mvc.method.annotation.RequestMappingHandlerMapping - Mapped "{[/user/update]}" onto public com.xxl.job.core.biz.model.ReturnT<java.lang.String> com.xxl.job.admin.controller.UserController.update(javax.servlet.http.HttpServletRequest,com.xxl.job.admin.core.model.XxlJobUser)
2019-10-17 16:13:30.722 [main] INFO  org.springframework.web.servlet.mvc.method.annotation.RequestMappingHandlerMapping - Mapped "{[/user/pageList]}" onto public java.util.Map<java.lang.String, java.lang.Object> com.xxl.job.admin.controller.UserController.pageList(int,int,java.lang.String,int)
2019-10-17 16:13:30.722 [main] INFO  org.springframework.web.servlet.mvc.method.annotation.RequestMappingHandlerMapping - Mapped "{[/user/updatePwd]}" onto public com.xxl.job.core.biz.model.ReturnT<java.lang.String> com.xxl.job.admin.controller.UserController.updatePwd(javax.servlet.http.HttpServletRequest,java.lang.String)
2019-10-17 16:13:30.736 [main] INFO  org.springframework.web.servlet.mvc.method.annotation.RequestMappingHandlerMapping - Mapped "{[/error]}" onto public org.springframework.http.ResponseEntity<java.util.Map<java.lang.String, java.lang.Object>> org.springframework.boot.autoconfigure.web.BasicErrorController.error(javax.servlet.http.HttpServletRequest)
2019-10-17 16:13:30.736 [main] INFO  org.springframework.web.servlet.mvc.method.annotation.RequestMappingHandlerMapping - Mapped "{[/error],produces=[text/html]}" onto public org.springframework.web.servlet.ModelAndView org.springframework.boot.autoconfigure.web.BasicErrorController.errorHtml(javax.servlet.http.HttpServletRequest,javax.servlet.http.HttpServletResponse)
2019-10-17 16:13:30.763 [main] INFO  org.springframework.web.servlet.handler.SimpleUrlHandlerMapping - Mapped URL path [/webjars/**] onto handler of type [class org.springframework.web.servlet.resource.ResourceHttpRequestHandler]
2019-10-17 16:13:30.764 [main] INFO  org.springframework.web.servlet.handler.SimpleUrlHandlerMapping - Mapped URL path [/static/**] onto handler of type [class org.springframework.web.servlet.resource.ResourceHttpRequestHandler]
2019-10-17 16:13:30.806 [main] INFO  org.springframework.web.servlet.handler.SimpleUrlHandlerMapping - Mapped URL path [/**/favicon.ico] onto handler of type [class org.springframework.web.servlet.resource.ResourceHttpRequestHandler]
2019-10-17 16:13:31.020 [main] INFO  org.springframework.web.servlet.view.freemarker.FreeMarkerConfigurer - ClassTemplateLoader for Spring macros added to FreeMarker configuration
2019-10-17 16:13:31.169 [main] INFO  org.springframework.jmx.export.annotation.AnnotationMBeanExporter - Registering beans for JMX exposure on startup
2019-10-17 16:13:31.183 [main] INFO  org.apache.coyote.http11.Http11NioProtocol - Starting ProtocolHandler ["http-nio-8080"]
2019-10-17 16:13:31.195 [main] INFO  org.apache.tomcat.util.net.NioSelectorPool - Using a shared selector for servlet write/read
2019-10-17 16:13:31.209 [main] INFO  org.springframework.boot.context.embedded.tomcat.TomcatEmbeddedServletContainer - Tomcat started on port(s): 8080 (http)
2019-10-17 16:13:31.215 [main] INFO  com.xxl.job.admin.XxlJobAdminApplication - Started XxlJobAdminApplication in 3.925 seconds (JVM running for 4.679)
2019-10-17 16:13:35.000 [xxl-job, admin JobScheduleHelper#scheduleThread] INFO  com.xxl.job.admin.core.thread.JobScheduleHelper - >>>>>>>>> init xxl-job admin scheduler success.
2019-10-17 16:15:58.032 [main] INFO  com.xxl.job.admin.XxlJobAdminApplication - Starting XxlJobAdminApplication on hnoe-dev-tqd with PID 13716 (F:\workspaces\base-modules\xxl-job\xxl-job-admin\target\classes started by hnoe-dev-tqd in F:\workspaces\base-modules\xxl-job\xxl-job-admin)
2019-10-17 16:15:58.037 [main] INFO  com.xxl.job.admin.XxlJobAdminApplication - The following profiles are active: dev
2019-10-17 16:15:58.294 [main] INFO  org.springframework.boot.context.embedded.AnnotationConfigEmbeddedWebApplicationContext - Refreshing org.springframework.boot.context.embedded.AnnotationConfigEmbeddedWebApplicationContext@f09733f: startup date [Thu Oct 17 16:15:58 CST 2019]; root of context hierarchy
2019-10-17 16:15:58.309 [background-preinit] INFO  org.hibernate.validator.internal.util.Version - HV000001: Hibernate Validator 5.3.6.Final
2019-10-17 16:15:59.649 [main] INFO  org.springframework.boot.context.embedded.tomcat.TomcatEmbeddedServletContainer - Tomcat initialized with port(s): 8080 (http)
2019-10-17 16:15:59.672 [main] INFO  org.apache.coyote.http11.Http11NioProtocol - Initializing ProtocolHandler ["http-nio-8080"]
2019-10-17 16:15:59.688 [main] INFO  org.apache.catalina.core.StandardService - Starting service [Tomcat]
2019-10-17 16:15:59.688 [main] INFO  org.apache.catalina.core.StandardEngine - Starting Servlet Engine: Apache Tomcat/8.5.40
2019-10-17 16:15:59.794 [localhost-startStop-1] INFO  org.apache.catalina.core.ContainerBase.[Tomcat].[localhost].[/xxl-job-admin] - Initializing Spring embedded WebApplicationContext
2019-10-17 16:15:59.794 [localhost-startStop-1] INFO  org.springframework.web.context.ContextLoader - Root WebApplicationContext: initialization completed in 1500 ms
2019-10-17 16:15:59.930 [localhost-startStop-1] INFO  org.springframework.boot.web.servlet.ServletRegistrationBean - Mapping servlet: 'dispatcherServlet' to [/]
2019-10-17 16:15:59.935 [localhost-startStop-1] INFO  org.springframework.boot.web.servlet.FilterRegistrationBean - Mapping filter: 'characterEncodingFilter' to: [/*]
2019-10-17 16:15:59.935 [localhost-startStop-1] INFO  org.springframework.boot.web.servlet.FilterRegistrationBean - Mapping filter: 'hiddenHttpMethodFilter' to: [/*]
2019-10-17 16:15:59.936 [localhost-startStop-1] INFO  org.springframework.boot.web.servlet.FilterRegistrationBean - Mapping filter: 'httpPutFormContentFilter' to: [/*]
2019-10-17 16:15:59.936 [localhost-startStop-1] INFO  org.springframework.boot.web.servlet.FilterRegistrationBean - Mapping filter: 'requestContextFilter' to: [/*]
2019-10-17 16:16:00.464 [main] INFO  com.xxl.rpc.remoting.provider.XxlRpcProviderFactory - >>>>>>>>>>> xxl-rpc, provider factory add service success. serviceKey = com.xxl.job.core.biz.AdminBiz, serviceBean = class com.xxl.job.admin.service.impl.AdminBizImpl
2019-10-17 16:16:00.467 [main] INFO  com.xxl.job.admin.core.conf.XxlJobScheduler - >>>>>>>>> init xxl-job admin success.
2019-10-17 16:16:00.713 [main] INFO  org.springframework.web.servlet.mvc.method.annotation.RequestMappingHandlerAdapter - Looking for @ControllerAdvice: org.springframework.boot.context.embedded.AnnotationConfigEmbeddedWebApplicationContext@f09733f: startup date [Thu Oct 17 16:15:58 CST 2019]; root of context hierarchy
2019-10-17 16:16:00.778 [main] INFO  org.springframework.web.servlet.mvc.method.annotation.RequestMappingHandlerMapping - Mapped "{[/help]}" onto public java.lang.String com.xxl.job.admin.controller.IndexController.help()
2019-10-17 16:16:00.780 [main] INFO  org.springframework.web.servlet.mvc.method.annotation.RequestMappingHandlerMapping - Mapped "{[/]}" onto public java.lang.String com.xxl.job.admin.controller.IndexController.index(org.springframework.ui.Model)
2019-10-17 16:16:00.780 [main] INFO  org.springframework.web.servlet.mvc.method.annotation.RequestMappingHandlerMapping - Mapped "{[/toLogin]}" onto public java.lang.String com.xxl.job.admin.controller.IndexController.toLogin(javax.servlet.http.HttpServletRequest,javax.servlet.http.HttpServletResponse)
2019-10-17 16:16:00.781 [main] INFO  org.springframework.web.servlet.mvc.method.annotation.RequestMappingHandlerMapping - Mapped "{[/logout],methods=[POST]}" onto public com.xxl.job.core.biz.model.ReturnT<java.lang.String> com.xxl.job.admin.controller.IndexController.logout(javax.servlet.http.HttpServletRequest,javax.servlet.http.HttpServletResponse)
2019-10-17 16:16:00.781 [main] INFO  org.springframework.web.servlet.mvc.method.annotation.RequestMappingHandlerMapping - Mapped "{[/login],methods=[POST]}" onto public com.xxl.job.core.biz.model.ReturnT<java.lang.String> com.xxl.job.admin.controller.IndexController.loginDo(javax.servlet.http.HttpServletRequest,javax.servlet.http.HttpServletResponse,java.lang.String,java.lang.String,java.lang.String)
2019-10-17 16:16:00.781 [main] INFO  org.springframework.web.servlet.mvc.method.annotation.RequestMappingHandlerMapping - Mapped "{[/chartInfo]}" onto public com.xxl.job.core.biz.model.ReturnT<java.util.Map<java.lang.String, java.lang.Object>> com.xxl.job.admin.controller.IndexController.chartInfo(java.util.Date,java.util.Date)
2019-10-17 16:16:00.782 [main] INFO  org.springframework.web.servlet.mvc.method.annotation.RequestMappingHandlerMapping - Mapped "{[/api]}" onto public void com.xxl.job.admin.controller.JobApiController.api(javax.servlet.http.HttpServletRequest,javax.servlet.http.HttpServletResponse) throws java.io.IOException,javax.servlet.ServletException
2019-10-17 16:16:00.784 [main] INFO  org.springframework.web.servlet.mvc.method.annotation.RequestMappingHandlerMapping - Mapped "{[/jobcode]}" onto public java.lang.String com.xxl.job.admin.controller.JobCodeController.index(javax.servlet.http.HttpServletRequest,org.springframework.ui.Model,int)
2019-10-17 16:16:00.784 [main] INFO  org.springframework.web.servlet.mvc.method.annotation.RequestMappingHandlerMapping - Mapped "{[/jobcode/save]}" onto public com.xxl.job.core.biz.model.ReturnT<java.lang.String> com.xxl.job.admin.controller.JobCodeController.save(org.springframework.ui.Model,int,java.lang.String,java.lang.String)
2019-10-17 16:16:00.786 [main] INFO  org.springframework.web.servlet.mvc.method.annotation.RequestMappingHandlerMapping - Mapped "{[/jobgroup]}" onto public java.lang.String com.xxl.job.admin.controller.JobGroupController.index(org.springframework.ui.Model)
2019-10-17 16:16:00.787 [main] INFO  org.springframework.web.servlet.mvc.method.annotation.RequestMappingHandlerMapping - Mapped "{[/jobgroup/remove]}" onto public com.xxl.job.core.biz.model.ReturnT<java.lang.String> com.xxl.job.admin.controller.JobGroupController.remove(int)
2019-10-17 16:16:00.787 [main] INFO  org.springframework.web.servlet.mvc.method.annotation.RequestMappingHandlerMapping - Mapped "{[/jobgroup/update]}" onto public com.xxl.job.core.biz.model.ReturnT<java.lang.String> com.xxl.job.admin.controller.JobGroupController.update(com.xxl.job.admin.core.model.XxlJobGroup)
2019-10-17 16:16:00.788 [main] INFO  org.springframework.web.servlet.mvc.method.annotation.RequestMappingHandlerMapping - Mapped "{[/jobgroup/save]}" onto public com.xxl.job.core.biz.model.ReturnT<java.lang.String> com.xxl.job.admin.controller.JobGroupController.save(com.xxl.job.admin.core.model.XxlJobGroup)
2019-10-17 16:16:00.788 [main] INFO  org.springframework.web.servlet.mvc.method.annotation.RequestMappingHandlerMapping - Mapped "{[/jobgroup/loadById]}" onto public com.xxl.job.core.biz.model.ReturnT<com.xxl.job.admin.core.model.XxlJobGroup> com.xxl.job.admin.controller.JobGroupController.loadById(int)
2019-10-17 16:16:00.791 [main] INFO  org.springframework.web.servlet.mvc.method.annotation.RequestMappingHandlerMapping - Mapped "{[/jobinfo]}" onto public java.lang.String com.xxl.job.admin.controller.JobInfoController.index(javax.servlet.http.HttpServletRequest,org.springframework.ui.Model,int)
2019-10-17 16:16:00.792 [main] INFO  org.springframework.web.servlet.mvc.method.annotation.RequestMappingHandlerMapping - Mapped "{[/jobinfo/add]}" onto public com.xxl.job.core.biz.model.ReturnT<java.lang.String> com.xxl.job.admin.controller.JobInfoController.add(com.xxl.job.admin.core.model.XxlJobInfo)
2019-10-17 16:16:00.792 [main] INFO  org.springframework.web.servlet.mvc.method.annotation.RequestMappingHandlerMapping - Mapped "{[/jobinfo/remove]}" onto public com.xxl.job.core.biz.model.ReturnT<java.lang.String> com.xxl.job.admin.controller.JobInfoController.remove(int)
2019-10-17 16:16:00.792 [main] INFO  org.springframework.web.servlet.mvc.method.annotation.RequestMappingHandlerMapping - Mapped "{[/jobinfo/update]}" onto public com.xxl.job.core.biz.model.ReturnT<java.lang.String> com.xxl.job.admin.controller.JobInfoController.update(com.xxl.job.admin.core.model.XxlJobInfo)
2019-10-17 16:16:00.793 [main] INFO  org.springframework.web.servlet.mvc.method.annotation.RequestMappingHandlerMapping - Mapped "{[/jobinfo/start]}" onto public com.xxl.job.core.biz.model.ReturnT<java.lang.String> com.xxl.job.admin.controller.JobInfoController.start(int)
2019-10-17 16:16:00.793 [main] INFO  org.springframework.web.servlet.mvc.method.annotation.RequestMappingHandlerMapping - Mapped "{[/jobinfo/stop]}" onto public com.xxl.job.core.biz.model.ReturnT<java.lang.String> com.xxl.job.admin.controller.JobInfoController.pause(int)
2019-10-17 16:16:00.793 [main] INFO  org.springframework.web.servlet.mvc.method.annotation.RequestMappingHandlerMapping - Mapped "{[/jobinfo/pageList]}" onto public java.util.Map<java.lang.String, java.lang.Object> com.xxl.job.admin.controller.JobInfoController.pageList(int,int,int,int,java.lang.String,java.lang.String,java.lang.String)
2019-10-17 16:16:00.794 [main] INFO  org.springframework.web.servlet.mvc.method.annotation.RequestMappingHandlerMapping - Mapped "{[/jobinfo/trigger]}" onto public com.xxl.job.core.biz.model.ReturnT<java.lang.String> com.xxl.job.admin.controller.JobInfoController.triggerJob(int,java.lang.String)
2019-10-17 16:16:00.796 [main] INFO  org.springframework.web.servlet.mvc.method.annotation.RequestMappingHandlerMapping - Mapped "{[/joblog]}" onto public java.lang.String com.xxl.job.admin.controller.JobLogController.index(javax.servlet.http.HttpServletRequest,org.springframework.ui.Model,java.lang.Integer)
2019-10-17 16:16:00.797 [main] INFO  org.springframework.web.servlet.mvc.method.annotation.RequestMappingHandlerMapping - Mapped "{[/joblog/getJobsByGroup]}" onto public com.xxl.job.core.biz.model.ReturnT<java.util.List<com.xxl.job.admin.core.model.XxlJobInfo>> com.xxl.job.admin.controller.JobLogController.getJobsByGroup(int)
2019-10-17 16:16:00.797 [main] INFO  org.springframework.web.servlet.mvc.method.annotation.RequestMappingHandlerMapping - Mapped "{[/joblog/pageList]}" onto public java.util.Map<java.lang.String, java.lang.Object> com.xxl.job.admin.controller.JobLogController.pageList(javax.servlet.http.HttpServletRequest,int,int,int,int,int,java.lang.String)
2019-10-17 16:16:00.797 [main] INFO  org.springframework.web.servlet.mvc.method.annotation.RequestMappingHandlerMapping - Mapped "{[/joblog/logDetailPage]}" onto public java.lang.String com.xxl.job.admin.controller.JobLogController.logDetailPage(int,org.springframework.ui.Model)
2019-10-17 16:16:00.798 [main] INFO  org.springframework.web.servlet.mvc.method.annotation.RequestMappingHandlerMapping - Mapped "{[/joblog/logKill]}" onto public com.xxl.job.core.biz.model.ReturnT<java.lang.String> com.xxl.job.admin.controller.JobLogController.logKill(int)
2019-10-17 16:16:00.798 [main] INFO  org.springframework.web.servlet.mvc.method.annotation.RequestMappingHandlerMapping - Mapped "{[/joblog/clearLog]}" onto public com.xxl.job.core.biz.model.ReturnT<java.lang.String> com.xxl.job.admin.controller.JobLogController.clearLog(int,int,int)
2019-10-17 16:16:00.798 [main] INFO  org.springframework.web.servlet.mvc.method.annotation.RequestMappingHandlerMapping - Mapped "{[/joblog/logDetailCat]}" onto public com.xxl.job.core.biz.model.ReturnT<com.xxl.job.core.biz.model.LogResult> com.xxl.job.admin.controller.JobLogController.logDetailCat(java.lang.String,long,long,int)
2019-10-17 16:16:00.800 [main] INFO  org.springframework.web.servlet.mvc.method.annotation.RequestMappingHandlerMapping - Mapped "{[/user]}" onto public java.lang.String com.xxl.job.admin.controller.UserController.index(org.springframework.ui.Model)
2019-10-17 16:16:00.800 [main] INFO  org.springframework.web.servlet.mvc.method.annotation.RequestMappingHandlerMapping - Mapped "{[/user/add]}" onto public com.xxl.job.core.biz.model.ReturnT<java.lang.String> com.xxl.job.admin.controller.UserController.add(com.xxl.job.admin.core.model.XxlJobUser)
2019-10-17 16:16:00.800 [main] INFO  org.springframework.web.servlet.mvc.method.annotation.RequestMappingHandlerMapping - Mapped "{[/user/remove]}" onto public com.xxl.job.core.biz.model.ReturnT<java.lang.String> com.xxl.job.admin.controller.UserController.remove(javax.servlet.http.HttpServletRequest,int)
2019-10-17 16:16:00.801 [main] INFO  org.springframework.web.servlet.mvc.method.annotation.RequestMappingHandlerMapping - Mapped "{[/user/update]}" onto public com.xxl.job.core.biz.model.ReturnT<java.lang.String> com.xxl.job.admin.controller.UserController.update(javax.servlet.http.HttpServletRequest,com.xxl.job.admin.core.model.XxlJobUser)
2019-10-17 16:16:00.801 [main] INFO  org.springframework.web.servlet.mvc.method.annotation.RequestMappingHandlerMapping - Mapped "{[/user/pageList]}" onto public java.util.Map<java.lang.String, java.lang.Object> com.xxl.job.admin.controller.UserController.pageList(int,int,java.lang.String,int)
2019-10-17 16:16:00.801 [main] INFO  org.springframework.web.servlet.mvc.method.annotation.RequestMappingHandlerMapping - Mapped "{[/user/updatePwd]}" onto public com.xxl.job.core.biz.model.ReturnT<java.lang.String> com.xxl.job.admin.controller.UserController.updatePwd(javax.servlet.http.HttpServletRequest,java.lang.String)
2019-10-17 16:16:00.803 [main] INFO  org.springframework.web.servlet.mvc.method.annotation.RequestMappingHandlerMapping - Mapped "{[/error]}" onto public org.springframework.http.ResponseEntity<java.util.Map<java.lang.String, java.lang.Object>> org.springframework.boot.autoconfigure.web.BasicErrorController.error(javax.servlet.http.HttpServletRequest)
2019-10-17 16:16:00.803 [main] INFO  org.springframework.web.servlet.mvc.method.annotation.RequestMappingHandlerMapping - Mapped "{[/error],produces=[text/html]}" onto public org.springframework.web.servlet.ModelAndView org.springframework.boot.autoconfigure.web.BasicErrorController.errorHtml(javax.servlet.http.HttpServletRequest,javax.servlet.http.HttpServletResponse)
2019-10-17 16:16:00.827 [main] INFO  org.springframework.web.servlet.handler.SimpleUrlHandlerMapping - Mapped URL path [/webjars/**] onto handler of type [class org.springframework.web.servlet.resource.ResourceHttpRequestHandler]
2019-10-17 16:16:00.827 [main] INFO  org.springframework.web.servlet.handler.SimpleUrlHandlerMapping - Mapped URL path [/static/**] onto handler of type [class org.springframework.web.servlet.resource.ResourceHttpRequestHandler]
2019-10-17 16:16:00.866 [main] INFO  org.springframework.web.servlet.handler.SimpleUrlHandlerMapping - Mapped URL path [/**/favicon.ico] onto handler of type [class org.springframework.web.servlet.resource.ResourceHttpRequestHandler]
2019-10-17 16:16:01.043 [main] INFO  org.springframework.web.servlet.view.freemarker.FreeMarkerConfigurer - ClassTemplateLoader for Spring macros added to FreeMarker configuration
2019-10-17 16:16:01.173 [main] INFO  org.springframework.jmx.export.annotation.AnnotationMBeanExporter - Registering beans for JMX exposure on startup
2019-10-17 16:16:01.187 [main] INFO  org.apache.coyote.http11.Http11NioProtocol - Starting ProtocolHandler ["http-nio-8080"]
2019-10-17 16:16:01.201 [main] INFO  org.apache.tomcat.util.net.NioSelectorPool - Using a shared selector for servlet write/read
2019-10-17 16:16:01.213 [main] INFO  org.springframework.boot.context.embedded.tomcat.TomcatEmbeddedServletContainer - Tomcat started on port(s): 8080 (http)
2019-10-17 16:16:01.217 [main] INFO  com.xxl.job.admin.XxlJobAdminApplication - Started XxlJobAdminApplication in 3.521 seconds (JVM running for 4.171)
2019-10-17 16:16:05.001 [xxl-job, admin JobScheduleHelper#scheduleThread] INFO  com.xxl.job.admin.core.thread.JobScheduleHelper - >>>>>>>>> init xxl-job admin scheduler success.
