2019-12-06 11:13:12.073 [main] INFO  com.xxl.job.admin.XxlJobAdminApplication - Starting XxlJobAdminApplication on tqd-pc with PID 24168 (W:\workspaces\base-modules\xxl-job\xxl-job-admin\target\classes started by tqd in W:\workspaces\base-modules\xxl-job\xxl-job-admin)
2019-12-06 11:13:12.101 [main] INFO  com.xxl.job.admin.XxlJobAdminApplication - The following profiles are active: dev
2019-12-06 11:13:12.381 [background-preinit] INFO  org.hibernate.validator.internal.util.Version - HV000001: Hibernate Validator 5.3.6.Final
2019-12-06 11:13:12.388 [main] INFO  org.springframework.boot.context.embedded.AnnotationConfigEmbeddedWebApplicationContext - Refreshing org.springframework.boot.context.embedded.AnnotationConfigEmbeddedWebApplicationContext@73e9cf30: startup date [Fri Dec 06 11:13:12 CST 2019]; root of context hierarchy
2019-12-06 11:13:14.699 [main] INFO  org.springframework.boot.context.embedded.tomcat.TomcatEmbeddedServletContainer - Tomcat initialized with port(s): 8080 (http)
2019-12-06 11:13:14.717 [main] INFO  org.apache.coyote.http11.Http11NioProtocol - Initializing ProtocolHandler ["http-nio-8080"]
2019-12-06 11:13:14.735 [main] INFO  org.apache.catalina.core.StandardService - Starting service [Tomcat]
2019-12-06 11:13:14.736 [main] INFO  org.apache.catalina.core.StandardEngine - Starting Servlet Engine: Apache Tomcat/8.5.40
2019-12-06 11:13:14.863 [localhost-startStop-1] INFO  org.apache.catalina.core.ContainerBase.[Tomcat].[localhost].[/xxl-job-admin] - Initializing Spring embedded WebApplicationContext
2019-12-06 11:13:14.863 [localhost-startStop-1] INFO  org.springframework.web.context.ContextLoader - Root WebApplicationContext: initialization completed in 2475 ms
2019-12-06 11:13:15.051 [localhost-startStop-1] INFO  org.springframework.boot.web.servlet.ServletRegistrationBean - Mapping servlet: 'dispatcherServlet' to [/]
2019-12-06 11:13:15.056 [localhost-startStop-1] INFO  org.springframework.boot.web.servlet.FilterRegistrationBean - Mapping filter: 'characterEncodingFilter' to: [/*]
2019-12-06 11:13:15.056 [localhost-startStop-1] INFO  org.springframework.boot.web.servlet.FilterRegistrationBean - Mapping filter: 'hiddenHttpMethodFilter' to: [/*]
2019-12-06 11:13:15.057 [localhost-startStop-1] INFO  org.springframework.boot.web.servlet.FilterRegistrationBean - Mapping filter: 'httpPutFormContentFilter' to: [/*]
2019-12-06 11:13:15.057 [localhost-startStop-1] INFO  org.springframework.boot.web.servlet.FilterRegistrationBean - Mapping filter: 'requestContextFilter' to: [/*]
2019-12-06 11:13:15.738 [main] INFO  com.xxl.rpc.remoting.provider.XxlRpcProviderFactory - >>>>>>>>>>> xxl-rpc, provider factory add service success. serviceKey = com.xxl.job.core.biz.AdminBiz, serviceBean = class com.xxl.job.admin.service.impl.AdminBizImpl
2019-12-06 11:13:15.742 [main] INFO  com.xxl.job.admin.core.conf.XxlJobScheduler - >>>>>>>>> init xxl-job admin success.
2019-12-06 11:13:15.758 [xxl-job, admin JobRegistryMonitorHelper] WARN  org.apache.tomcat.jdbc.pool.ConnectionPool - maxIdle is larger than maxActive, setting maxIdle to: 30
2019-12-06 11:13:16.057 [main] INFO  org.springframework.web.servlet.mvc.method.annotation.RequestMappingHandlerAdapter - Looking for @ControllerAdvice: org.springframework.boot.context.embedded.AnnotationConfigEmbeddedWebApplicationContext@73e9cf30: startup date [Fri Dec 06 11:13:12 CST 2019]; root of context hierarchy
2019-12-06 11:13:16.154 [main] INFO  org.springframework.web.servlet.mvc.method.annotation.RequestMappingHandlerMapping - Mapped "{[/help]}" onto public java.lang.String com.xxl.job.admin.controller.IndexController.help()
2019-12-06 11:13:16.155 [main] INFO  org.springframework.web.servlet.mvc.method.annotation.RequestMappingHandlerMapping - Mapped "{[/]}" onto public java.lang.String com.xxl.job.admin.controller.IndexController.index(org.springframework.ui.Model)
2019-12-06 11:13:16.156 [main] INFO  org.springframework.web.servlet.mvc.method.annotation.RequestMappingHandlerMapping - Mapped "{[/toLogin]}" onto public java.lang.String com.xxl.job.admin.controller.IndexController.toLogin(javax.servlet.http.HttpServletRequest,javax.servlet.http.HttpServletResponse)
2019-12-06 11:13:16.156 [main] INFO  org.springframework.web.servlet.mvc.method.annotation.RequestMappingHandlerMapping - Mapped "{[/chartInfo]}" onto public com.xxl.job.core.biz.model.ReturnT<java.util.Map<java.lang.String, java.lang.Object>> com.xxl.job.admin.controller.IndexController.chartInfo(java.util.Date,java.util.Date)
2019-12-06 11:13:16.157 [main] INFO  org.springframework.web.servlet.mvc.method.annotation.RequestMappingHandlerMapping - Mapped "{[/login],methods=[POST]}" onto public com.xxl.job.core.biz.model.ReturnT<java.lang.String> com.xxl.job.admin.controller.IndexController.loginDo(javax.servlet.http.HttpServletRequest,javax.servlet.http.HttpServletResponse,java.lang.String,java.lang.String,java.lang.String)
2019-12-06 11:13:16.157 [main] INFO  org.springframework.web.servlet.mvc.method.annotation.RequestMappingHandlerMapping - Mapped "{[/logout],methods=[POST]}" onto public com.xxl.job.core.biz.model.ReturnT<java.lang.String> com.xxl.job.admin.controller.IndexController.logout(javax.servlet.http.HttpServletRequest,javax.servlet.http.HttpServletResponse)
2019-12-06 11:13:16.158 [main] INFO  org.springframework.web.servlet.mvc.method.annotation.RequestMappingHandlerMapping - Mapped "{[/api]}" onto public void com.xxl.job.admin.controller.JobApiController.api(javax.servlet.http.HttpServletRequest,javax.servlet.http.HttpServletResponse) throws java.io.IOException,javax.servlet.ServletException
2019-12-06 11:13:16.160 [main] INFO  org.springframework.web.servlet.mvc.method.annotation.RequestMappingHandlerMapping - Mapped "{[/jobcode]}" onto public java.lang.String com.xxl.job.admin.controller.JobCodeController.index(javax.servlet.http.HttpServletRequest,org.springframework.ui.Model,int)
2019-12-06 11:13:16.161 [main] INFO  org.springframework.web.servlet.mvc.method.annotation.RequestMappingHandlerMapping - Mapped "{[/jobcode/save]}" onto public com.xxl.job.core.biz.model.ReturnT<java.lang.String> com.xxl.job.admin.controller.JobCodeController.save(org.springframework.ui.Model,int,java.lang.String,java.lang.String)
2019-12-06 11:13:16.163 [main] INFO  org.springframework.web.servlet.mvc.method.annotation.RequestMappingHandlerMapping - Mapped "{[/jobgroup]}" onto public java.lang.String com.xxl.job.admin.controller.JobGroupController.index(org.springframework.ui.Model)
2019-12-06 11:13:16.163 [main] INFO  org.springframework.web.servlet.mvc.method.annotation.RequestMappingHandlerMapping - Mapped "{[/jobgroup/remove]}" onto public com.xxl.job.core.biz.model.ReturnT<java.lang.String> com.xxl.job.admin.controller.JobGroupController.remove(int)
2019-12-06 11:13:16.163 [main] INFO  org.springframework.web.servlet.mvc.method.annotation.RequestMappingHandlerMapping - Mapped "{[/jobgroup/update]}" onto public com.xxl.job.core.biz.model.ReturnT<java.lang.String> com.xxl.job.admin.controller.JobGroupController.update(com.xxl.job.admin.core.model.XxlJobGroup)
2019-12-06 11:13:16.164 [main] INFO  org.springframework.web.servlet.mvc.method.annotation.RequestMappingHandlerMapping - Mapped "{[/jobgroup/save]}" onto public com.xxl.job.core.biz.model.ReturnT<java.lang.String> com.xxl.job.admin.controller.JobGroupController.save(com.xxl.job.admin.core.model.XxlJobGroup)
2019-12-06 11:13:16.164 [main] INFO  org.springframework.web.servlet.mvc.method.annotation.RequestMappingHandlerMapping - Mapped "{[/jobgroup/loadById]}" onto public com.xxl.job.core.biz.model.ReturnT<com.xxl.job.admin.core.model.XxlJobGroup> com.xxl.job.admin.controller.JobGroupController.loadById(int)
2019-12-06 11:13:16.168 [main] INFO  org.springframework.web.servlet.mvc.method.annotation.RequestMappingHandlerMapping - Mapped "{[/jobinfo]}" onto public java.lang.String com.xxl.job.admin.controller.JobInfoController.index(javax.servlet.http.HttpServletRequest,org.springframework.ui.Model,int)
2019-12-06 11:13:16.169 [main] INFO  org.springframework.web.servlet.mvc.method.annotation.RequestMappingHandlerMapping - Mapped "{[/jobinfo/add]}" onto public com.xxl.job.core.biz.model.ReturnT<java.lang.String> com.xxl.job.admin.controller.JobInfoController.add(com.xxl.job.admin.core.model.XxlJobInfo)
2019-12-06 11:13:16.169 [main] INFO  org.springframework.web.servlet.mvc.method.annotation.RequestMappingHandlerMapping - Mapped "{[/jobinfo/remove]}" onto public com.xxl.job.core.biz.model.ReturnT<java.lang.String> com.xxl.job.admin.controller.JobInfoController.remove(int)
2019-12-06 11:13:16.170 [main] INFO  org.springframework.web.servlet.mvc.method.annotation.RequestMappingHandlerMapping - Mapped "{[/jobinfo/update]}" onto public com.xxl.job.core.biz.model.ReturnT<java.lang.String> com.xxl.job.admin.controller.JobInfoController.update(com.xxl.job.admin.core.model.XxlJobInfo)
2019-12-06 11:13:16.170 [main] INFO  org.springframework.web.servlet.mvc.method.annotation.RequestMappingHandlerMapping - Mapped "{[/jobinfo/start]}" onto public com.xxl.job.core.biz.model.ReturnT<java.lang.String> com.xxl.job.admin.controller.JobInfoController.start(int)
2019-12-06 11:13:16.171 [main] INFO  org.springframework.web.servlet.mvc.method.annotation.RequestMappingHandlerMapping - Mapped "{[/jobinfo/stop]}" onto public com.xxl.job.core.biz.model.ReturnT<java.lang.String> com.xxl.job.admin.controller.JobInfoController.pause(int)
2019-12-06 11:13:16.171 [main] INFO  org.springframework.web.servlet.mvc.method.annotation.RequestMappingHandlerMapping - Mapped "{[/jobinfo/pageList]}" onto public java.util.Map<java.lang.String, java.lang.Object> com.xxl.job.admin.controller.JobInfoController.pageList(int,int,int,int,java.lang.String,java.lang.String,java.lang.String)
2019-12-06 11:13:16.172 [main] INFO  org.springframework.web.servlet.mvc.method.annotation.RequestMappingHandlerMapping - Mapped "{[/jobinfo/trigger]}" onto public com.xxl.job.core.biz.model.ReturnT<java.lang.String> com.xxl.job.admin.controller.JobInfoController.triggerJob(int,java.lang.String)
2019-12-06 11:13:16.176 [main] INFO  org.springframework.web.servlet.mvc.method.annotation.RequestMappingHandlerMapping - Mapped "{[/joblog]}" onto public java.lang.String com.xxl.job.admin.controller.JobLogController.index(javax.servlet.http.HttpServletRequest,org.springframework.ui.Model,java.lang.Integer)
2019-12-06 11:13:16.177 [main] INFO  org.springframework.web.servlet.mvc.method.annotation.RequestMappingHandlerMapping - Mapped "{[/joblog/pageList]}" onto public java.util.Map<java.lang.String, java.lang.Object> com.xxl.job.admin.controller.JobLogController.pageList(javax.servlet.http.HttpServletRequest,int,int,int,int,int,java.lang.String)
2019-12-06 11:13:16.177 [main] INFO  org.springframework.web.servlet.mvc.method.annotation.RequestMappingHandlerMapping - Mapped "{[/joblog/getJobsByGroup]}" onto public com.xxl.job.core.biz.model.ReturnT<java.util.List<com.xxl.job.admin.core.model.XxlJobInfo>> com.xxl.job.admin.controller.JobLogController.getJobsByGroup(int)
2019-12-06 11:13:16.177 [main] INFO  org.springframework.web.servlet.mvc.method.annotation.RequestMappingHandlerMapping - Mapped "{[/joblog/logDetailPage]}" onto public java.lang.String com.xxl.job.admin.controller.JobLogController.logDetailPage(int,org.springframework.ui.Model)
2019-12-06 11:13:16.178 [main] INFO  org.springframework.web.servlet.mvc.method.annotation.RequestMappingHandlerMapping - Mapped "{[/joblog/logKill]}" onto public com.xxl.job.core.biz.model.ReturnT<java.lang.String> com.xxl.job.admin.controller.JobLogController.logKill(int)
2019-12-06 11:13:16.178 [main] INFO  org.springframework.web.servlet.mvc.method.annotation.RequestMappingHandlerMapping - Mapped "{[/joblog/clearLog]}" onto public com.xxl.job.core.biz.model.ReturnT<java.lang.String> com.xxl.job.admin.controller.JobLogController.clearLog(int,int,int)
2019-12-06 11:13:16.178 [main] INFO  org.springframework.web.servlet.mvc.method.annotation.RequestMappingHandlerMapping - Mapped "{[/joblog/logDetailCat]}" onto public com.xxl.job.core.biz.model.ReturnT<com.xxl.job.core.biz.model.LogResult> com.xxl.job.admin.controller.JobLogController.logDetailCat(java.lang.String,long,long,int)
2019-12-06 11:13:16.180 [main] INFO  org.springframework.web.servlet.mvc.method.annotation.RequestMappingHandlerMapping - Mapped "{[/user]}" onto public java.lang.String com.xxl.job.admin.controller.UserController.index(org.springframework.ui.Model)
2019-12-06 11:13:16.180 [main] INFO  org.springframework.web.servlet.mvc.method.annotation.RequestMappingHandlerMapping - Mapped "{[/user/add]}" onto public com.xxl.job.core.biz.model.ReturnT<java.lang.String> com.xxl.job.admin.controller.UserController.add(com.xxl.job.admin.core.model.XxlJobUser)
2019-12-06 11:13:16.181 [main] INFO  org.springframework.web.servlet.mvc.method.annotation.RequestMappingHandlerMapping - Mapped "{[/user/remove]}" onto public com.xxl.job.core.biz.model.ReturnT<java.lang.String> com.xxl.job.admin.controller.UserController.remove(javax.servlet.http.HttpServletRequest,int)
2019-12-06 11:13:16.181 [main] INFO  org.springframework.web.servlet.mvc.method.annotation.RequestMappingHandlerMapping - Mapped "{[/user/update]}" onto public com.xxl.job.core.biz.model.ReturnT<java.lang.String> com.xxl.job.admin.controller.UserController.update(javax.servlet.http.HttpServletRequest,com.xxl.job.admin.core.model.XxlJobUser)
2019-12-06 11:13:16.182 [main] INFO  org.springframework.web.servlet.mvc.method.annotation.RequestMappingHandlerMapping - Mapped "{[/user/pageList]}" onto public java.util.Map<java.lang.String, java.lang.Object> com.xxl.job.admin.controller.UserController.pageList(int,int,java.lang.String,int)
2019-12-06 11:13:16.182 [main] INFO  org.springframework.web.servlet.mvc.method.annotation.RequestMappingHandlerMapping - Mapped "{[/user/updatePwd]}" onto public com.xxl.job.core.biz.model.ReturnT<java.lang.String> com.xxl.job.admin.controller.UserController.updatePwd(javax.servlet.http.HttpServletRequest,java.lang.String)
2019-12-06 11:13:16.184 [main] INFO  org.springframework.web.servlet.mvc.method.annotation.RequestMappingHandlerMapping - Mapped "{[/error]}" onto public org.springframework.http.ResponseEntity<java.util.Map<java.lang.String, java.lang.Object>> org.springframework.boot.autoconfigure.web.BasicErrorController.error(javax.servlet.http.HttpServletRequest)
2019-12-06 11:13:16.185 [main] INFO  org.springframework.web.servlet.mvc.method.annotation.RequestMappingHandlerMapping - Mapped "{[/error],produces=[text/html]}" onto public org.springframework.web.servlet.ModelAndView org.springframework.boot.autoconfigure.web.BasicErrorController.errorHtml(javax.servlet.http.HttpServletRequest,javax.servlet.http.HttpServletResponse)
2019-12-06 11:13:16.229 [main] INFO  org.springframework.web.servlet.handler.SimpleUrlHandlerMapping - Mapped URL path [/webjars/**] onto handler of type [class org.springframework.web.servlet.resource.ResourceHttpRequestHandler]
2019-12-06 11:13:16.229 [main] INFO  org.springframework.web.servlet.handler.SimpleUrlHandlerMapping - Mapped URL path [/static/**] onto handler of type [class org.springframework.web.servlet.resource.ResourceHttpRequestHandler]
2019-12-06 11:13:16.283 [main] INFO  org.springframework.web.servlet.handler.SimpleUrlHandlerMapping - Mapped URL path [/**/favicon.ico] onto handler of type [class org.springframework.web.servlet.resource.ResourceHttpRequestHandler]
2019-12-06 11:13:16.550 [main] INFO  org.springframework.web.servlet.view.freemarker.FreeMarkerConfigurer - ClassTemplateLoader for Spring macros added to FreeMarker configuration
2019-12-06 11:13:16.727 [main] INFO  org.springframework.jmx.export.annotation.AnnotationMBeanExporter - Registering beans for JMX exposure on startup
2019-12-06 11:13:16.747 [main] INFO  org.apache.coyote.http11.Http11NioProtocol - Starting ProtocolHandler ["http-nio-8080"]
2019-12-06 11:13:16.762 [main] INFO  org.apache.tomcat.util.net.NioSelectorPool - Using a shared selector for servlet write/read
2019-12-06 11:13:16.783 [main] INFO  org.springframework.boot.context.embedded.tomcat.TomcatEmbeddedServletContainer - Tomcat started on port(s): 8080 (http)
2019-12-06 11:13:16.788 [main] INFO  com.xxl.job.admin.XxlJobAdminApplication - Started XxlJobAdminApplication in 5.104 seconds (JVM running for 5.857)
2019-12-06 11:13:20.000 [xxl-job, admin JobScheduleHelper#scheduleThread] INFO  com.xxl.job.admin.core.thread.JobScheduleHelper - >>>>>>>>> init xxl-job admin scheduler success.
2019-12-06 11:15:05.749 [xxl-job, admin JobTriggerPoolHelper-fastTriggerPool-144107510] INFO  com.xxl.rpc.remoting.invoker.reference.XxlRpcReferenceBean - >>>>>>>>>>> xxl-rpc, invoke error, address:1.improve.hn:9999, XxlRpcRequestXxlRpcRequest{requestId='fff2fd0b-08a0-4507-a960-46d4f95a819c', createMillisTime=1575602100026, accessToken='', className='com.xxl.job.core.biz.ExecutorBiz', methodName='run', parameterTypes=[class com.xxl.job.core.biz.model.TriggerParam], parameters=[TriggerParam{jobId=3, executorHandler='testJob', executorParams='', executorBlockStrategy='SERIAL_EXECUTION', executorTimeout=0, logId=10987, logDateTim=1575602100015, glueType='BEAN', glueSource='', glueUpdatetime=1571657799181, broadcastIndex=0, broadcastTotal=1}], version='null'}
2019-12-06 11:15:05.749 [xxl-job, admin JobTriggerPoolHelper-fastTriggerPool-144107510] ERROR com.xxl.job.admin.core.trigger.XxlJobTrigger - >>>>>>>>>>> xxl-job trigger error, please check if the executor[1.improve.hn:9999] is running.
com.xxl.rpc.util.XxlRpcException: java.net.UnknownHostException: 1.improve.hn
	at com.xxl.rpc.remoting.invoker.reference.XxlRpcReferenceBean$1.invoke(XxlRpcReferenceBean.java:227)
	at com.sun.proxy.$Proxy93.run(Unknown Source)
	at com.xxl.job.admin.core.trigger.XxlJobTrigger.runExecutor(XxlJobTrigger.java:196)
	at com.xxl.job.admin.core.trigger.XxlJobTrigger.processTrigger(XxlJobTrigger.java:149)
	at com.xxl.job.admin.core.trigger.XxlJobTrigger.trigger(XxlJobTrigger.java:74)
	at com.xxl.job.admin.core.thread.JobTriggerPoolHelper$3.run(JobTriggerPoolHelper.java:76)
	at java.util.concurrent.ThreadPoolExecutor.runWorker(Unknown Source)
	at java.util.concurrent.ThreadPoolExecutor$Worker.run(Unknown Source)
	at java.lang.Thread.run(Unknown Source)
Caused by: java.net.UnknownHostException: 1.improve.hn
	at java.net.Inet6AddressImpl.lookupAllHostAddr(Native Method)
	at java.net.InetAddress$2.lookupAllHostAddr(Unknown Source)
	at java.net.InetAddress.getAddressesFromNameService(Unknown Source)
	at java.net.InetAddress.getAllByName0(Unknown Source)
	at java.net.InetAddress.getAllByName(Unknown Source)
	at java.net.InetAddress.getAllByName(Unknown Source)
	at java.net.InetAddress.getByName(Unknown Source)
	at io.netty.util.internal.SocketUtils$8.run(SocketUtils.java:146)
	at io.netty.util.internal.SocketUtils$8.run(SocketUtils.java:143)
	at java.security.AccessController.doPrivileged(Native Method)
	at io.netty.util.internal.SocketUtils.addressByName(SocketUtils.java:143)
	at io.netty.resolver.DefaultNameResolver.doResolve(DefaultNameResolver.java:43)
	at io.netty.resolver.SimpleNameResolver.resolve(SimpleNameResolver.java:63)
	at io.netty.resolver.SimpleNameResolver.resolve(SimpleNameResolver.java:55)
	at io.netty.resolver.InetSocketAddressResolver.doResolve(InetSocketAddressResolver.java:57)
	at io.netty.resolver.InetSocketAddressResolver.doResolve(InetSocketAddressResolver.java:32)
	at io.netty.resolver.AbstractAddressResolver.resolve(AbstractAddressResolver.java:108)
	at io.netty.bootstrap.Bootstrap.doResolveAndConnect0(Bootstrap.java:208)
	at io.netty.bootstrap.Bootstrap.access$000(Bootstrap.java:49)
	at io.netty.bootstrap.Bootstrap$1.operationComplete(Bootstrap.java:188)
	at io.netty.bootstrap.Bootstrap$1.operationComplete(Bootstrap.java:174)
	at io.netty.util.concurrent.DefaultPromise.notifyListener0(DefaultPromise.java:502)
	at io.netty.util.concurrent.DefaultPromise.notifyListenersNow(DefaultPromise.java:476)
	at io.netty.util.concurrent.DefaultPromise.notifyListeners(DefaultPromise.java:415)
	at io.netty.util.concurrent.DefaultPromise.setValue0(DefaultPromise.java:540)
	at io.netty.util.concurrent.DefaultPromise.setSuccess0(DefaultPromise.java:529)
	at io.netty.util.concurrent.DefaultPromise.trySuccess(DefaultPromise.java:101)
	at io.netty.channel.DefaultChannelPromise.trySuccess(DefaultChannelPromise.java:84)
	at io.netty.channel.AbstractChannel$AbstractUnsafe.safeSetSuccess(AbstractChannel.java:1009)
	at io.netty.channel.AbstractChannel$AbstractUnsafe.register0(AbstractChannel.java:517)
	at io.netty.channel.AbstractChannel$AbstractUnsafe.access$200(AbstractChannel.java:428)
	at io.netty.channel.AbstractChannel$AbstractUnsafe$1.run(AbstractChannel.java:487)
	at io.netty.util.concurrent.AbstractEventExecutor.safeExecute(AbstractEventExecutor.java:163)
	at io.netty.util.concurrent.SingleThreadEventExecutor.runAllTasks(SingleThreadEventExecutor.java:405)
	at io.netty.channel.nio.NioEventLoop.run(NioEventLoop.java:500)
	at io.netty.util.concurrent.SingleThreadEventExecutor$5.run(SingleThreadEventExecutor.java:906)
	at io.netty.util.internal.ThreadExecutorMap$2.run(ThreadExecutorMap.java:74)
	at io.netty.util.concurrent.FastThreadLocalRunnable.run(FastThreadLocalRunnable.java:30)
	... 1 more
2019-12-06 11:18:02.063 [xxl-job, admin JobTriggerPoolHelper-fastTriggerPool-105978004] INFO  com.xxl.rpc.remoting.invoker.reference.XxlRpcReferenceBean - >>>>>>>>>>> xxl-rpc, invoke error, address:1.improve.hn:9999, XxlRpcRequestXxlRpcRequest{requestId='24e54d0f-73e7-4aaa-a1ca-8f5f68c90a50', createMillisTime=1575602280007, accessToken='', className='com.xxl.job.core.biz.ExecutorBiz', methodName='run', parameterTypes=[class com.xxl.job.core.biz.model.TriggerParam], parameters=[TriggerParam{jobId=3, executorHandler='testJob', executorParams='', executorBlockStrategy='SERIAL_EXECUTION', executorTimeout=0, logId=10988, logDateTim=1575602280004, glueType='BEAN', glueSource='', glueUpdatetime=1571657799181, broadcastIndex=0, broadcastTotal=1}], version='null'}
2019-12-06 11:18:02.063 [xxl-job, admin JobTriggerPoolHelper-fastTriggerPool-105978004] ERROR com.xxl.job.admin.core.trigger.XxlJobTrigger - >>>>>>>>>>> xxl-job trigger error, please check if the executor[1.improve.hn:9999] is running.
com.xxl.rpc.util.XxlRpcException: java.net.UnknownHostException: 1.improve.hn
	at com.xxl.rpc.remoting.invoker.reference.XxlRpcReferenceBean$1.invoke(XxlRpcReferenceBean.java:227)
	at com.sun.proxy.$Proxy93.run(Unknown Source)
	at com.xxl.job.admin.core.trigger.XxlJobTrigger.runExecutor(XxlJobTrigger.java:196)
	at com.xxl.job.admin.core.trigger.XxlJobTrigger.processTrigger(XxlJobTrigger.java:149)
	at com.xxl.job.admin.core.trigger.XxlJobTrigger.trigger(XxlJobTrigger.java:74)
	at com.xxl.job.admin.core.thread.JobTriggerPoolHelper$3.run(JobTriggerPoolHelper.java:76)
	at java.util.concurrent.ThreadPoolExecutor.runWorker(Unknown Source)
	at java.util.concurrent.ThreadPoolExecutor$Worker.run(Unknown Source)
	at java.lang.Thread.run(Unknown Source)
Caused by: java.net.UnknownHostException: 1.improve.hn
	at java.net.Inet6AddressImpl.lookupAllHostAddr(Native Method)
	at java.net.InetAddress$2.lookupAllHostAddr(Unknown Source)
	at java.net.InetAddress.getAddressesFromNameService(Unknown Source)
	at java.net.InetAddress.getAllByName0(Unknown Source)
	at java.net.InetAddress.getAllByName(Unknown Source)
	at java.net.InetAddress.getAllByName(Unknown Source)
	at java.net.InetAddress.getByName(Unknown Source)
	at io.netty.util.internal.SocketUtils$8.run(SocketUtils.java:146)
	at io.netty.util.internal.SocketUtils$8.run(SocketUtils.java:143)
	at java.security.AccessController.doPrivileged(Native Method)
	at io.netty.util.internal.SocketUtils.addressByName(SocketUtils.java:143)
	at io.netty.resolver.DefaultNameResolver.doResolve(DefaultNameResolver.java:43)
	at io.netty.resolver.SimpleNameResolver.resolve(SimpleNameResolver.java:63)
	at io.netty.resolver.SimpleNameResolver.resolve(SimpleNameResolver.java:55)
	at io.netty.resolver.InetSocketAddressResolver.doResolve(InetSocketAddressResolver.java:57)
	at io.netty.resolver.InetSocketAddressResolver.doResolve(InetSocketAddressResolver.java:32)
	at io.netty.resolver.AbstractAddressResolver.resolve(AbstractAddressResolver.java:108)
	at io.netty.bootstrap.Bootstrap.doResolveAndConnect0(Bootstrap.java:208)
	at io.netty.bootstrap.Bootstrap.access$000(Bootstrap.java:49)
	at io.netty.bootstrap.Bootstrap$1.operationComplete(Bootstrap.java:188)
	at io.netty.bootstrap.Bootstrap$1.operationComplete(Bootstrap.java:174)
	at io.netty.util.concurrent.DefaultPromise.notifyListener0(DefaultPromise.java:502)
	at io.netty.util.concurrent.DefaultPromise.notifyListenersNow(DefaultPromise.java:476)
	at io.netty.util.concurrent.DefaultPromise.notifyListeners(DefaultPromise.java:415)
	at io.netty.util.concurrent.DefaultPromise.setValue0(DefaultPromise.java:540)
	at io.netty.util.concurrent.DefaultPromise.setSuccess0(DefaultPromise.java:529)
	at io.netty.util.concurrent.DefaultPromise.trySuccess(DefaultPromise.java:101)
	at io.netty.channel.DefaultChannelPromise.trySuccess(DefaultChannelPromise.java:84)
	at io.netty.channel.AbstractChannel$AbstractUnsafe.safeSetSuccess(AbstractChannel.java:1009)
	at io.netty.channel.AbstractChannel$AbstractUnsafe.register0(AbstractChannel.java:517)
	at io.netty.channel.AbstractChannel$AbstractUnsafe.access$200(AbstractChannel.java:428)
	at io.netty.channel.AbstractChannel$AbstractUnsafe$1.run(AbstractChannel.java:487)
	at io.netty.util.concurrent.AbstractEventExecutor.safeExecute(AbstractEventExecutor.java:163)
	at io.netty.util.concurrent.SingleThreadEventExecutor.runAllTasks(SingleThreadEventExecutor.java:405)
	at io.netty.channel.nio.NioEventLoop.run(NioEventLoop.java:500)
	at io.netty.util.concurrent.SingleThreadEventExecutor$5.run(SingleThreadEventExecutor.java:906)
	at io.netty.util.internal.ThreadExecutorMap$2.run(ThreadExecutorMap.java:74)
	at io.netty.util.concurrent.FastThreadLocalRunnable.run(FastThreadLocalRunnable.java:30)
	... 1 more
