2019-10-17 16:13:28.310 [main] TRACE org.mybatis.spring.mapper.ClassPathMapperScanner - Scanning file [F:\workspaces\base-modules\xxl-job\xxl-job-admin\target\classes\com\xxl\job\admin\controller\annotation\PermissionLimit.class]
2019-10-17 16:13:28.310 [main] TRACE org.mybatis.spring.mapper.ClassPathMapperScanner - Ignored because not matching any filter: file [F:\workspaces\base-modules\xxl-job\xxl-job-admin\target\classes\com\xxl\job\admin\controller\annotation\PermissionLimit.class]
2019-10-17 16:13:28.310 [main] TRACE org.mybatis.spring.mapper.ClassPathMapperScanner - Scanning file [F:\workspaces\base-modules\xxl-job\xxl-job-admin\target\classes\com\xxl\job\admin\controller\IndexController.class]
2019-10-17 16:13:28.310 [main] TRACE org.mybatis.spring.mapper.ClassPathMapperScanner - Ignored because not matching any filter: file [F:\workspaces\base-modules\xxl-job\xxl-job-admin\target\classes\com\xxl\job\admin\controller\IndexController.class]
2019-10-17 16:13:28.310 [main] TRACE org.mybatis.spring.mapper.ClassPathMapperScanner - Scanning file [F:\workspaces\base-modules\xxl-job\xxl-job-admin\target\classes\com\xxl\job\admin\controller\interceptor\CookieInterceptor.class]
2019-10-17 16:13:28.310 [main] TRACE org.mybatis.spring.mapper.ClassPathMapperScanner - Ignored because not matching any filter: file [F:\workspaces\base-modules\xxl-job\xxl-job-admin\target\classes\com\xxl\job\admin\controller\interceptor\CookieInterceptor.class]
2019-10-17 16:13:28.310 [main] TRACE org.mybatis.spring.mapper.ClassPathMapperScanner - Scanning file [F:\workspaces\base-modules\xxl-job\xxl-job-admin\target\classes\com\xxl\job\admin\controller\interceptor\PermissionInterceptor.class]
2019-10-17 16:13:28.310 [main] TRACE org.mybatis.spring.mapper.ClassPathMapperScanner - Ignored because not matching any filter: file [F:\workspaces\base-modules\xxl-job\xxl-job-admin\target\classes\com\xxl\job\admin\controller\interceptor\PermissionInterceptor.class]
2019-10-17 16:13:28.310 [main] TRACE org.mybatis.spring.mapper.ClassPathMapperScanner - Scanning file [F:\workspaces\base-modules\xxl-job\xxl-job-admin\target\classes\com\xxl\job\admin\controller\interceptor\WebMvcConfig.class]
2019-10-17 16:13:28.310 [main] TRACE org.mybatis.spring.mapper.ClassPathMapperScanner - Ignored because not matching any filter: file [F:\workspaces\base-modules\xxl-job\xxl-job-admin\target\classes\com\xxl\job\admin\controller\interceptor\WebMvcConfig.class]
2019-10-17 16:13:28.310 [main] TRACE org.mybatis.spring.mapper.ClassPathMapperScanner - Scanning file [F:\workspaces\base-modules\xxl-job\xxl-job-admin\target\classes\com\xxl\job\admin\controller\JobApiController.class]
2019-10-17 16:13:28.310 [main] TRACE org.mybatis.spring.mapper.ClassPathMapperScanner - Ignored because not matching any filter: file [F:\workspaces\base-modules\xxl-job\xxl-job-admin\target\classes\com\xxl\job\admin\controller\JobApiController.class]
2019-10-17 16:13:28.310 [main] TRACE org.mybatis.spring.mapper.ClassPathMapperScanner - Scanning file [F:\workspaces\base-modules\xxl-job\xxl-job-admin\target\classes\com\xxl\job\admin\controller\JobCodeController.class]
2019-10-17 16:13:28.310 [main] TRACE org.mybatis.spring.mapper.ClassPathMapperScanner - Ignored because not matching any filter: file [F:\workspaces\base-modules\xxl-job\xxl-job-admin\target\classes\com\xxl\job\admin\controller\JobCodeController.class]
2019-10-17 16:13:28.310 [main] TRACE org.mybatis.spring.mapper.ClassPathMapperScanner - Scanning file [F:\workspaces\base-modules\xxl-job\xxl-job-admin\target\classes\com\xxl\job\admin\controller\JobGroupController.class]
2019-10-17 16:13:28.310 [main] TRACE org.mybatis.spring.mapper.ClassPathMapperScanner - Ignored because not matching any filter: file [F:\workspaces\base-modules\xxl-job\xxl-job-admin\target\classes\com\xxl\job\admin\controller\JobGroupController.class]
2019-10-17 16:13:28.310 [main] TRACE org.mybatis.spring.mapper.ClassPathMapperScanner - Scanning file [F:\workspaces\base-modules\xxl-job\xxl-job-admin\target\classes\com\xxl\job\admin\controller\JobInfoController.class]
2019-10-17 16:13:28.310 [main] TRACE org.mybatis.spring.mapper.ClassPathMapperScanner - Ignored because not matching any filter: file [F:\workspaces\base-modules\xxl-job\xxl-job-admin\target\classes\com\xxl\job\admin\controller\JobInfoController.class]
2019-10-17 16:13:28.310 [main] TRACE org.mybatis.spring.mapper.ClassPathMapperScanner - Scanning file [F:\workspaces\base-modules\xxl-job\xxl-job-admin\target\classes\com\xxl\job\admin\controller\JobLogController.class]
2019-10-17 16:13:28.310 [main] TRACE org.mybatis.spring.mapper.ClassPathMapperScanner - Ignored because not matching any filter: file [F:\workspaces\base-modules\xxl-job\xxl-job-admin\target\classes\com\xxl\job\admin\controller\JobLogController.class]
2019-10-17 16:13:28.310 [main] TRACE org.mybatis.spring.mapper.ClassPathMapperScanner - Scanning file [F:\workspaces\base-modules\xxl-job\xxl-job-admin\target\classes\com\xxl\job\admin\controller\resolver\WebExceptionResolver.class]
2019-10-17 16:13:28.310 [main] TRACE org.mybatis.spring.mapper.ClassPathMapperScanner - Ignored because not matching any filter: file [F:\workspaces\base-modules\xxl-job\xxl-job-admin\target\classes\com\xxl\job\admin\controller\resolver\WebExceptionResolver.class]
2019-10-17 16:13:28.310 [main] TRACE org.mybatis.spring.mapper.ClassPathMapperScanner - Scanning file [F:\workspaces\base-modules\xxl-job\xxl-job-admin\target\classes\com\xxl\job\admin\controller\UserController.class]
2019-10-17 16:13:28.310 [main] TRACE org.mybatis.spring.mapper.ClassPathMapperScanner - Ignored because not matching any filter: file [F:\workspaces\base-modules\xxl-job\xxl-job-admin\target\classes\com\xxl\job\admin\controller\UserController.class]
2019-10-17 16:13:28.310 [main] TRACE org.mybatis.spring.mapper.ClassPathMapperScanner - Scanning file [F:\workspaces\base-modules\xxl-job\xxl-job-admin\target\classes\com\xxl\job\admin\core\conf\XxlJobAdminConfig.class]
2019-10-17 16:13:28.310 [main] TRACE org.mybatis.spring.mapper.ClassPathMapperScanner - Ignored because not matching any filter: file [F:\workspaces\base-modules\xxl-job\xxl-job-admin\target\classes\com\xxl\job\admin\core\conf\XxlJobAdminConfig.class]
2019-10-17 16:13:28.310 [main] TRACE org.mybatis.spring.mapper.ClassPathMapperScanner - Scanning file [F:\workspaces\base-modules\xxl-job\xxl-job-admin\target\classes\com\xxl\job\admin\core\conf\XxlJobScheduler.class]
2019-10-17 16:13:28.310 [main] TRACE org.mybatis.spring.mapper.ClassPathMapperScanner - Ignored because not matching any filter: file [F:\workspaces\base-modules\xxl-job\xxl-job-admin\target\classes\com\xxl\job\admin\core\conf\XxlJobScheduler.class]
2019-10-17 16:13:28.310 [main] TRACE org.mybatis.spring.mapper.ClassPathMapperScanner - Scanning file [F:\workspaces\base-modules\xxl-job\xxl-job-admin\target\classes\com\xxl\job\admin\core\cron\CronExpression.class]
2019-10-17 16:13:28.310 [main] TRACE org.mybatis.spring.mapper.ClassPathMapperScanner - Ignored because not matching any filter: file [F:\workspaces\base-modules\xxl-job\xxl-job-admin\target\classes\com\xxl\job\admin\core\cron\CronExpression.class]
2019-10-17 16:13:28.310 [main] TRACE org.mybatis.spring.mapper.ClassPathMapperScanner - Scanning file [F:\workspaces\base-modules\xxl-job\xxl-job-admin\target\classes\com\xxl\job\admin\core\cron\ValueSet.class]
2019-10-17 16:13:28.310 [main] TRACE org.mybatis.spring.mapper.ClassPathMapperScanner - Ignored because not matching any filter: file [F:\workspaces\base-modules\xxl-job\xxl-job-admin\target\classes\com\xxl\job\admin\core\cron\ValueSet.class]
2019-10-17 16:13:28.310 [main] TRACE org.mybatis.spring.mapper.ClassPathMapperScanner - Scanning file [F:\workspaces\base-modules\xxl-job\xxl-job-admin\target\classes\com\xxl\job\admin\core\exception\XxlJobException.class]
2019-10-17 16:13:28.310 [main] TRACE org.mybatis.spring.mapper.ClassPathMapperScanner - Ignored because not matching any filter: file [F:\workspaces\base-modules\xxl-job\xxl-job-admin\target\classes\com\xxl\job\admin\core\exception\XxlJobException.class]
2019-10-17 16:13:28.310 [main] TRACE org.mybatis.spring.mapper.ClassPathMapperScanner - Scanning file [F:\workspaces\base-modules\xxl-job\xxl-job-admin\target\classes\com\xxl\job\admin\core\model\XxlJobGroup.class]
2019-10-17 16:13:28.310 [main] TRACE org.mybatis.spring.mapper.ClassPathMapperScanner - Ignored because not matching any filter: file [F:\workspaces\base-modules\xxl-job\xxl-job-admin\target\classes\com\xxl\job\admin\core\model\XxlJobGroup.class]
2019-10-17 16:13:28.310 [main] TRACE org.mybatis.spring.mapper.ClassPathMapperScanner - Scanning file [F:\workspaces\base-modules\xxl-job\xxl-job-admin\target\classes\com\xxl\job\admin\core\model\XxlJobInfo.class]
2019-10-17 16:13:28.310 [main] TRACE org.mybatis.spring.mapper.ClassPathMapperScanner - Ignored because not matching any filter: file [F:\workspaces\base-modules\xxl-job\xxl-job-admin\target\classes\com\xxl\job\admin\core\model\XxlJobInfo.class]
2019-10-17 16:13:28.310 [main] TRACE org.mybatis.spring.mapper.ClassPathMapperScanner - Scanning file [F:\workspaces\base-modules\xxl-job\xxl-job-admin\target\classes\com\xxl\job\admin\core\model\XxlJobLog.class]
2019-10-17 16:13:28.310 [main] TRACE org.mybatis.spring.mapper.ClassPathMapperScanner - Ignored because not matching any filter: file [F:\workspaces\base-modules\xxl-job\xxl-job-admin\target\classes\com\xxl\job\admin\core\model\XxlJobLog.class]
2019-10-17 16:13:28.310 [main] TRACE org.mybatis.spring.mapper.ClassPathMapperScanner - Scanning file [F:\workspaces\base-modules\xxl-job\xxl-job-admin\target\classes\com\xxl\job\admin\core\model\XxlJobLogGlue.class]
2019-10-17 16:13:28.310 [main] TRACE org.mybatis.spring.mapper.ClassPathMapperScanner - Ignored because not matching any filter: file [F:\workspaces\base-modules\xxl-job\xxl-job-admin\target\classes\com\xxl\job\admin\core\model\XxlJobLogGlue.class]
2019-10-17 16:13:28.310 [main] TRACE org.mybatis.spring.mapper.ClassPathMapperScanner - Scanning file [F:\workspaces\base-modules\xxl-job\xxl-job-admin\target\classes\com\xxl\job\admin\core\model\XxlJobRegistry.class]
2019-10-17 16:13:28.310 [main] TRACE org.mybatis.spring.mapper.ClassPathMapperScanner - Ignored because not matching any filter: file [F:\workspaces\base-modules\xxl-job\xxl-job-admin\target\classes\com\xxl\job\admin\core\model\XxlJobRegistry.class]
2019-10-17 16:13:28.310 [main] TRACE org.mybatis.spring.mapper.ClassPathMapperScanner - Scanning file [F:\workspaces\base-modules\xxl-job\xxl-job-admin\target\classes\com\xxl\job\admin\core\model\XxlJobUser.class]
2019-10-17 16:13:28.310 [main] TRACE org.mybatis.spring.mapper.ClassPathMapperScanner - Ignored because not matching any filter: file [F:\workspaces\base-modules\xxl-job\xxl-job-admin\target\classes\com\xxl\job\admin\core\model\XxlJobUser.class]
2019-10-17 16:13:28.310 [main] TRACE org.mybatis.spring.mapper.ClassPathMapperScanner - Scanning file [F:\workspaces\base-modules\xxl-job\xxl-job-admin\target\classes\com\xxl\job\admin\core\route\ExecutorRouter.class]
2019-10-17 16:13:28.310 [main] TRACE org.mybatis.spring.mapper.ClassPathMapperScanner - Ignored because not matching any filter: file [F:\workspaces\base-modules\xxl-job\xxl-job-admin\target\classes\com\xxl\job\admin\core\route\ExecutorRouter.class]
2019-10-17 16:13:28.310 [main] TRACE org.mybatis.spring.mapper.ClassPathMapperScanner - Scanning file [F:\workspaces\base-modules\xxl-job\xxl-job-admin\target\classes\com\xxl\job\admin\core\route\ExecutorRouteStrategyEnum.class]
2019-10-17 16:13:28.310 [main] TRACE org.mybatis.spring.mapper.ClassPathMapperScanner - Ignored because not matching any filter: file [F:\workspaces\base-modules\xxl-job\xxl-job-admin\target\classes\com\xxl\job\admin\core\route\ExecutorRouteStrategyEnum.class]
2019-10-17 16:13:28.310 [main] TRACE org.mybatis.spring.mapper.ClassPathMapperScanner - Scanning file [F:\workspaces\base-modules\xxl-job\xxl-job-admin\target\classes\com\xxl\job\admin\core\route\strategy\ExecutorRouteBusyover.class]
2019-10-17 16:13:28.310 [main] TRACE org.mybatis.spring.mapper.ClassPathMapperScanner - Ignored because not matching any filter: file [F:\workspaces\base-modules\xxl-job\xxl-job-admin\target\classes\com\xxl\job\admin\core\route\strategy\ExecutorRouteBusyover.class]
2019-10-17 16:13:28.310 [main] TRACE org.mybatis.spring.mapper.ClassPathMapperScanner - Scanning file [F:\workspaces\base-modules\xxl-job\xxl-job-admin\target\classes\com\xxl\job\admin\core\route\strategy\ExecutorRouteConsistentHash.class]
2019-10-17 16:13:28.325 [main] TRACE org.mybatis.spring.mapper.ClassPathMapperScanner - Ignored because not matching any filter: file [F:\workspaces\base-modules\xxl-job\xxl-job-admin\target\classes\com\xxl\job\admin\core\route\strategy\ExecutorRouteConsistentHash.class]
2019-10-17 16:13:28.325 [main] TRACE org.mybatis.spring.mapper.ClassPathMapperScanner - Scanning file [F:\workspaces\base-modules\xxl-job\xxl-job-admin\target\classes\com\xxl\job\admin\core\route\strategy\ExecutorRouteFailover.class]
2019-10-17 16:13:28.325 [main] TRACE org.mybatis.spring.mapper.ClassPathMapperScanner - Ignored because not matching any filter: file [F:\workspaces\base-modules\xxl-job\xxl-job-admin\target\classes\com\xxl\job\admin\core\route\strategy\ExecutorRouteFailover.class]
2019-10-17 16:13:28.325 [main] TRACE org.mybatis.spring.mapper.ClassPathMapperScanner - Scanning file [F:\workspaces\base-modules\xxl-job\xxl-job-admin\target\classes\com\xxl\job\admin\core\route\strategy\ExecutorRouteFirst.class]
2019-10-17 16:13:28.325 [main] TRACE org.mybatis.spring.mapper.ClassPathMapperScanner - Ignored because not matching any filter: file [F:\workspaces\base-modules\xxl-job\xxl-job-admin\target\classes\com\xxl\job\admin\core\route\strategy\ExecutorRouteFirst.class]
2019-10-17 16:13:28.325 [main] TRACE org.mybatis.spring.mapper.ClassPathMapperScanner - Scanning file [F:\workspaces\base-modules\xxl-job\xxl-job-admin\target\classes\com\xxl\job\admin\core\route\strategy\ExecutorRouteLast.class]
2019-10-17 16:13:28.325 [main] TRACE org.mybatis.spring.mapper.ClassPathMapperScanner - Ignored because not matching any filter: file [F:\workspaces\base-modules\xxl-job\xxl-job-admin\target\classes\com\xxl\job\admin\core\route\strategy\ExecutorRouteLast.class]
2019-10-17 16:13:28.325 [main] TRACE org.mybatis.spring.mapper.ClassPathMapperScanner - Scanning file [F:\workspaces\base-modules\xxl-job\xxl-job-admin\target\classes\com\xxl\job\admin\core\route\strategy\ExecutorRouteLFU$1.class]
2019-10-17 16:13:28.325 [main] TRACE org.mybatis.spring.mapper.ClassPathMapperScanner - Ignored because not matching any filter: file [F:\workspaces\base-modules\xxl-job\xxl-job-admin\target\classes\com\xxl\job\admin\core\route\strategy\ExecutorRouteLFU$1.class]
2019-10-17 16:13:28.325 [main] TRACE org.mybatis.spring.mapper.ClassPathMapperScanner - Scanning file [F:\workspaces\base-modules\xxl-job\xxl-job-admin\target\classes\com\xxl\job\admin\core\route\strategy\ExecutorRouteLFU.class]
2019-10-17 16:13:28.325 [main] TRACE org.mybatis.spring.mapper.ClassPathMapperScanner - Ignored because not matching any filter: file [F:\workspaces\base-modules\xxl-job\xxl-job-admin\target\classes\com\xxl\job\admin\core\route\strategy\ExecutorRouteLFU.class]
2019-10-17 16:13:28.325 [main] TRACE org.mybatis.spring.mapper.ClassPathMapperScanner - Scanning file [F:\workspaces\base-modules\xxl-job\xxl-job-admin\target\classes\com\xxl\job\admin\core\route\strategy\ExecutorRouteLRU.class]
2019-10-17 16:13:28.325 [main] TRACE org.mybatis.spring.mapper.ClassPathMapperScanner - Ignored because not matching any filter: file [F:\workspaces\base-modules\xxl-job\xxl-job-admin\target\classes\com\xxl\job\admin\core\route\strategy\ExecutorRouteLRU.class]
2019-10-17 16:13:28.325 [main] TRACE org.mybatis.spring.mapper.ClassPathMapperScanner - Scanning file [F:\workspaces\base-modules\xxl-job\xxl-job-admin\target\classes\com\xxl\job\admin\core\route\strategy\ExecutorRouteRandom.class]
2019-10-17 16:13:28.325 [main] TRACE org.mybatis.spring.mapper.ClassPathMapperScanner - Ignored because not matching any filter: file [F:\workspaces\base-modules\xxl-job\xxl-job-admin\target\classes\com\xxl\job\admin\core\route\strategy\ExecutorRouteRandom.class]
2019-10-17 16:13:28.325 [main] TRACE org.mybatis.spring.mapper.ClassPathMapperScanner - Scanning file [F:\workspaces\base-modules\xxl-job\xxl-job-admin\target\classes\com\xxl\job\admin\core\route\strategy\ExecutorRouteRound.class]
2019-10-17 16:13:28.325 [main] TRACE org.mybatis.spring.mapper.ClassPathMapperScanner - Ignored because not matching any filter: file [F:\workspaces\base-modules\xxl-job\xxl-job-admin\target\classes\com\xxl\job\admin\core\route\strategy\ExecutorRouteRound.class]
2019-10-17 16:13:28.325 [main] TRACE org.mybatis.spring.mapper.ClassPathMapperScanner - Scanning file [F:\workspaces\base-modules\xxl-job\xxl-job-admin\target\classes\com\xxl\job\admin\core\thread\JobFailMonitorHelper$1.class]
2019-10-17 16:13:28.325 [main] TRACE org.mybatis.spring.mapper.ClassPathMapperScanner - Ignored because not matching any filter: file [F:\workspaces\base-modules\xxl-job\xxl-job-admin\target\classes\com\xxl\job\admin\core\thread\JobFailMonitorHelper$1.class]
2019-10-17 16:13:28.325 [main] TRACE org.mybatis.spring.mapper.ClassPathMapperScanner - Scanning file [F:\workspaces\base-modules\xxl-job\xxl-job-admin\target\classes\com\xxl\job\admin\core\thread\JobFailMonitorHelper.class]
2019-10-17 16:13:28.325 [main] TRACE org.mybatis.spring.mapper.ClassPathMapperScanner - Ignored because not matching any filter: file [F:\workspaces\base-modules\xxl-job\xxl-job-admin\target\classes\com\xxl\job\admin\core\thread\JobFailMonitorHelper.class]
2019-10-17 16:13:28.325 [main] TRACE org.mybatis.spring.mapper.ClassPathMapperScanner - Scanning file [F:\workspaces\base-modules\xxl-job\xxl-job-admin\target\classes\com\xxl\job\admin\core\thread\JobRegistryMonitorHelper$1.class]
2019-10-17 16:13:28.325 [main] TRACE org.mybatis.spring.mapper.ClassPathMapperScanner - Ignored because not matching any filter: file [F:\workspaces\base-modules\xxl-job\xxl-job-admin\target\classes\com\xxl\job\admin\core\thread\JobRegistryMonitorHelper$1.class]
2019-10-17 16:13:28.325 [main] TRACE org.mybatis.spring.mapper.ClassPathMapperScanner - Scanning file [F:\workspaces\base-modules\xxl-job\xxl-job-admin\target\classes\com\xxl\job\admin\core\thread\JobRegistryMonitorHelper.class]
2019-10-17 16:13:28.325 [main] TRACE org.mybatis.spring.mapper.ClassPathMapperScanner - Ignored because not matching any filter: file [F:\workspaces\base-modules\xxl-job\xxl-job-admin\target\classes\com\xxl\job\admin\core\thread\JobRegistryMonitorHelper.class]
2019-10-17 16:13:28.325 [main] TRACE org.mybatis.spring.mapper.ClassPathMapperScanner - Scanning file [F:\workspaces\base-modules\xxl-job\xxl-job-admin\target\classes\com\xxl\job\admin\core\thread\JobScheduleHelper$1.class]
2019-10-17 16:13:28.325 [main] TRACE org.mybatis.spring.mapper.ClassPathMapperScanner - Ignored because not matching any filter: file [F:\workspaces\base-modules\xxl-job\xxl-job-admin\target\classes\com\xxl\job\admin\core\thread\JobScheduleHelper$1.class]
2019-10-17 16:13:28.325 [main] TRACE org.mybatis.spring.mapper.ClassPathMapperScanner - Scanning file [F:\workspaces\base-modules\xxl-job\xxl-job-admin\target\classes\com\xxl\job\admin\core\thread\JobScheduleHelper$2.class]
2019-10-17 16:13:28.325 [main] TRACE org.mybatis.spring.mapper.ClassPathMapperScanner - Ignored because not matching any filter: file [F:\workspaces\base-modules\xxl-job\xxl-job-admin\target\classes\com\xxl\job\admin\core\thread\JobScheduleHelper$2.class]
2019-10-17 16:13:28.325 [main] TRACE org.mybatis.spring.mapper.ClassPathMapperScanner - Scanning file [F:\workspaces\base-modules\xxl-job\xxl-job-admin\target\classes\com\xxl\job\admin\core\thread\JobScheduleHelper.class]
2019-10-17 16:13:28.325 [main] TRACE org.mybatis.spring.mapper.ClassPathMapperScanner - Ignored because not matching any filter: file [F:\workspaces\base-modules\xxl-job\xxl-job-admin\target\classes\com\xxl\job\admin\core\thread\JobScheduleHelper.class]
2019-10-17 16:13:28.325 [main] TRACE org.mybatis.spring.mapper.ClassPathMapperScanner - Scanning file [F:\workspaces\base-modules\xxl-job\xxl-job-admin\target\classes\com\xxl\job\admin\core\thread\JobTriggerPoolHelper$1.class]
2019-10-17 16:13:28.325 [main] TRACE org.mybatis.spring.mapper.ClassPathMapperScanner - Ignored because not matching any filter: file [F:\workspaces\base-modules\xxl-job\xxl-job-admin\target\classes\com\xxl\job\admin\core\thread\JobTriggerPoolHelper$1.class]
2019-10-17 16:13:28.325 [main] TRACE org.mybatis.spring.mapper.ClassPathMapperScanner - Scanning file [F:\workspaces\base-modules\xxl-job\xxl-job-admin\target\classes\com\xxl\job\admin\core\thread\JobTriggerPoolHelper$2.class]
2019-10-17 16:13:28.325 [main] TRACE org.mybatis.spring.mapper.ClassPathMapperScanner - Ignored because not matching any filter: file [F:\workspaces\base-modules\xxl-job\xxl-job-admin\target\classes\com\xxl\job\admin\core\thread\JobTriggerPoolHelper$2.class]
2019-10-17 16:13:28.325 [main] TRACE org.mybatis.spring.mapper.ClassPathMapperScanner - Scanning file [F:\workspaces\base-modules\xxl-job\xxl-job-admin\target\classes\com\xxl\job\admin\core\thread\JobTriggerPoolHelper$3.class]
2019-10-17 16:13:28.325 [main] TRACE org.mybatis.spring.mapper.ClassPathMapperScanner - Ignored because not matching any filter: file [F:\workspaces\base-modules\xxl-job\xxl-job-admin\target\classes\com\xxl\job\admin\core\thread\JobTriggerPoolHelper$3.class]
2019-10-17 16:13:28.325 [main] TRACE org.mybatis.spring.mapper.ClassPathMapperScanner - Scanning file [F:\workspaces\base-modules\xxl-job\xxl-job-admin\target\classes\com\xxl\job\admin\core\thread\JobTriggerPoolHelper.class]
2019-10-17 16:13:28.325 [main] TRACE org.mybatis.spring.mapper.ClassPathMapperScanner - Ignored because not matching any filter: file [F:\workspaces\base-modules\xxl-job\xxl-job-admin\target\classes\com\xxl\job\admin\core\thread\JobTriggerPoolHelper.class]
2019-10-17 16:13:28.325 [main] TRACE org.mybatis.spring.mapper.ClassPathMapperScanner - Scanning file [F:\workspaces\base-modules\xxl-job\xxl-job-admin\target\classes\com\xxl\job\admin\core\trigger\TriggerTypeEnum.class]
2019-10-17 16:13:28.325 [main] TRACE org.mybatis.spring.mapper.ClassPathMapperScanner - Ignored because not matching any filter: file [F:\workspaces\base-modules\xxl-job\xxl-job-admin\target\classes\com\xxl\job\admin\core\trigger\TriggerTypeEnum.class]
2019-10-17 16:13:28.325 [main] TRACE org.mybatis.spring.mapper.ClassPathMapperScanner - Scanning file [F:\workspaces\base-modules\xxl-job\xxl-job-admin\target\classes\com\xxl\job\admin\core\trigger\XxlJobTrigger.class]
2019-10-17 16:13:28.325 [main] TRACE org.mybatis.spring.mapper.ClassPathMapperScanner - Ignored because not matching any filter: file [F:\workspaces\base-modules\xxl-job\xxl-job-admin\target\classes\com\xxl\job\admin\core\trigger\XxlJobTrigger.class]
2019-10-17 16:13:28.325 [main] TRACE org.mybatis.spring.mapper.ClassPathMapperScanner - Scanning file [F:\workspaces\base-modules\xxl-job\xxl-job-admin\target\classes\com\xxl\job\admin\core\util\CookieUtil.class]
2019-10-17 16:13:28.325 [main] TRACE org.mybatis.spring.mapper.ClassPathMapperScanner - Ignored because not matching any filter: file [F:\workspaces\base-modules\xxl-job\xxl-job-admin\target\classes\com\xxl\job\admin\core\util\CookieUtil.class]
2019-10-17 16:13:28.325 [main] TRACE org.mybatis.spring.mapper.ClassPathMapperScanner - Scanning file [F:\workspaces\base-modules\xxl-job\xxl-job-admin\target\classes\com\xxl\job\admin\core\util\FtlUtil.class]
2019-10-17 16:13:28.325 [main] TRACE org.mybatis.spring.mapper.ClassPathMapperScanner - Ignored because not matching any filter: file [F:\workspaces\base-modules\xxl-job\xxl-job-admin\target\classes\com\xxl\job\admin\core\util\FtlUtil.class]
2019-10-17 16:13:28.325 [main] TRACE org.mybatis.spring.mapper.ClassPathMapperScanner - Scanning file [F:\workspaces\base-modules\xxl-job\xxl-job-admin\target\classes\com\xxl\job\admin\core\util\I18nUtil.class]
2019-10-17 16:13:28.325 [main] TRACE org.mybatis.spring.mapper.ClassPathMapperScanner - Ignored because not matching any filter: file [F:\workspaces\base-modules\xxl-job\xxl-job-admin\target\classes\com\xxl\job\admin\core\util\I18nUtil.class]
2019-10-17 16:13:28.325 [main] TRACE org.mybatis.spring.mapper.ClassPathMapperScanner - Scanning file [F:\workspaces\base-modules\xxl-job\xxl-job-admin\target\classes\com\xxl\job\admin\core\util\JacksonUtil.class]
2019-10-17 16:13:28.325 [main] TRACE org.mybatis.spring.mapper.ClassPathMapperScanner - Ignored because not matching any filter: file [F:\workspaces\base-modules\xxl-job\xxl-job-admin\target\classes\com\xxl\job\admin\core\util\JacksonUtil.class]
2019-10-17 16:13:28.325 [main] TRACE org.mybatis.spring.mapper.ClassPathMapperScanner - Scanning file [F:\workspaces\base-modules\xxl-job\xxl-job-admin\target\classes\com\xxl\job\admin\core\util\LocalCacheUtil$LocalCacheData.class]
2019-10-17 16:13:28.325 [main] TRACE org.mybatis.spring.mapper.ClassPathMapperScanner - Ignored because not matching any filter: file [F:\workspaces\base-modules\xxl-job\xxl-job-admin\target\classes\com\xxl\job\admin\core\util\LocalCacheUtil$LocalCacheData.class]
2019-10-17 16:13:28.325 [main] TRACE org.mybatis.spring.mapper.ClassPathMapperScanner - Scanning file [F:\workspaces\base-modules\xxl-job\xxl-job-admin\target\classes\com\xxl\job\admin\core\util\LocalCacheUtil.class]
2019-10-17 16:13:28.325 [main] TRACE org.mybatis.spring.mapper.ClassPathMapperScanner - Ignored because not matching any filter: file [F:\workspaces\base-modules\xxl-job\xxl-job-admin\target\classes\com\xxl\job\admin\core\util\LocalCacheUtil.class]
2019-10-17 16:13:28.325 [main] TRACE org.mybatis.spring.mapper.ClassPathMapperScanner - Scanning file [F:\workspaces\base-modules\xxl-job\xxl-job-admin\target\classes\com\xxl\job\admin\dao\XxlJobGroupDao.class]
2019-10-17 16:13:28.325 [main] TRACE org.mybatis.spring.mapper.ClassPathMapperScanner - Scanning file [F:\workspaces\base-modules\xxl-job\xxl-job-admin\target\classes\com\xxl\job\admin\dao\XxlJobInfoDao.class]
2019-10-17 16:13:28.325 [main] TRACE org.mybatis.spring.mapper.ClassPathMapperScanner - Scanning file [F:\workspaces\base-modules\xxl-job\xxl-job-admin\target\classes\com\xxl\job\admin\dao\XxlJobLogDao.class]
2019-10-17 16:13:28.325 [main] TRACE org.mybatis.spring.mapper.ClassPathMapperScanner - Scanning file [F:\workspaces\base-modules\xxl-job\xxl-job-admin\target\classes\com\xxl\job\admin\dao\XxlJobLogGlueDao.class]
2019-10-17 16:13:28.325 [main] TRACE org.mybatis.spring.mapper.ClassPathMapperScanner - Scanning file [F:\workspaces\base-modules\xxl-job\xxl-job-admin\target\classes\com\xxl\job\admin\dao\XxlJobRegistryDao.class]
2019-10-17 16:13:28.325 [main] TRACE org.mybatis.spring.mapper.ClassPathMapperScanner - Scanning file [F:\workspaces\base-modules\xxl-job\xxl-job-admin\target\classes\com\xxl\job\admin\dao\XxlJobUserDao.class]
2019-10-17 16:13:28.325 [main] TRACE org.mybatis.spring.mapper.ClassPathMapperScanner - Scanning file [F:\workspaces\base-modules\xxl-job\xxl-job-admin\target\classes\com\xxl\job\admin\service\impl\AdminBizImpl.class]
2019-10-17 16:13:28.325 [main] TRACE org.mybatis.spring.mapper.ClassPathMapperScanner - Ignored because not matching any filter: file [F:\workspaces\base-modules\xxl-job\xxl-job-admin\target\classes\com\xxl\job\admin\service\impl\AdminBizImpl.class]
2019-10-17 16:13:28.325 [main] TRACE org.mybatis.spring.mapper.ClassPathMapperScanner - Scanning file [F:\workspaces\base-modules\xxl-job\xxl-job-admin\target\classes\com\xxl\job\admin\service\impl\XxlJobServiceImpl.class]
2019-10-17 16:13:28.325 [main] TRACE org.mybatis.spring.mapper.ClassPathMapperScanner - Ignored because not matching any filter: file [F:\workspaces\base-modules\xxl-job\xxl-job-admin\target\classes\com\xxl\job\admin\service\impl\XxlJobServiceImpl.class]
2019-10-17 16:13:28.325 [main] TRACE org.mybatis.spring.mapper.ClassPathMapperScanner - Scanning file [F:\workspaces\base-modules\xxl-job\xxl-job-admin\target\classes\com\xxl\job\admin\service\LoginService.class]
2019-10-17 16:13:28.325 [main] TRACE org.mybatis.spring.mapper.ClassPathMapperScanner - Ignored because not matching any filter: file [F:\workspaces\base-modules\xxl-job\xxl-job-admin\target\classes\com\xxl\job\admin\service\LoginService.class]
2019-10-17 16:13:28.325 [main] TRACE org.mybatis.spring.mapper.ClassPathMapperScanner - Scanning file [F:\workspaces\base-modules\xxl-job\xxl-job-admin\target\classes\com\xxl\job\admin\service\XxlJobService.class]
2019-10-17 16:13:28.325 [main] TRACE org.mybatis.spring.mapper.ClassPathMapperScanner - Ignored because not matching any filter: file [F:\workspaces\base-modules\xxl-job\xxl-job-admin\target\classes\com\xxl\job\admin\service\XxlJobService.class]
2019-10-17 16:13:28.325 [main] TRACE org.mybatis.spring.mapper.ClassPathMapperScanner - Scanning file [F:\workspaces\base-modules\xxl-job\xxl-job-admin\target\classes\com\xxl\job\admin\XxlJobAdminApplication.class]
2019-10-17 16:13:28.325 [main] TRACE org.mybatis.spring.mapper.ClassPathMapperScanner - Ignored because not matching any filter: file [F:\workspaces\base-modules\xxl-job\xxl-job-admin\target\classes\com\xxl\job\admin\XxlJobAdminApplication.class]
2019-10-17 16:13:30.927 [xxl-job, admin JobRegistryMonitorHelper] TRACE com.xxl.job.admin.dao.XxlJobGroupDao.findByAddressType - <==    Columns: id, app_name, title, order, address_type, address_list
2019-10-17 16:13:30.927 [xxl-job, admin JobRegistryMonitorHelper] TRACE com.xxl.job.admin.dao.XxlJobGroupDao.findByAddressType - <==        Row: 1, xxl_job-executor-sample, 示例执行器, 1, 0, null
2019-10-17 16:14:00.972 [xxl-job, admin JobRegistryMonitorHelper] TRACE com.xxl.job.admin.dao.XxlJobGroupDao.findByAddressType - <==    Columns: id, app_name, title, order, address_type, address_list
2019-10-17 16:14:00.972 [xxl-job, admin JobRegistryMonitorHelper] TRACE com.xxl.job.admin.dao.XxlJobGroupDao.findByAddressType - <==        Row: 1, xxl_job-executor-sample, 示例执行器, 1, 0, null
2019-10-17 16:14:30.981 [xxl-job, admin JobRegistryMonitorHelper] TRACE com.xxl.job.admin.dao.XxlJobGroupDao.findByAddressType - <==    Columns: id, app_name, title, order, address_type, address_list
2019-10-17 16:14:30.981 [xxl-job, admin JobRegistryMonitorHelper] TRACE com.xxl.job.admin.dao.XxlJobGroupDao.findByAddressType - <==        Row: 1, xxl_job-executor-sample, 示例执行器, 1, 0, null
2019-10-17 16:15:00.990 [xxl-job, admin JobRegistryMonitorHelper] TRACE com.xxl.job.admin.dao.XxlJobGroupDao.findByAddressType - <==    Columns: id, app_name, title, order, address_type, address_list
2019-10-17 16:15:00.990 [xxl-job, admin JobRegistryMonitorHelper] TRACE com.xxl.job.admin.dao.XxlJobGroupDao.findByAddressType - <==        Row: 1, xxl_job-executor-sample, 示例执行器, 1, 0, null
2019-10-17 16:15:30.998 [xxl-job, admin JobRegistryMonitorHelper] TRACE com.xxl.job.admin.dao.XxlJobGroupDao.findByAddressType - <==    Columns: id, app_name, title, order, address_type, address_list
2019-10-17 16:15:30.998 [xxl-job, admin JobRegistryMonitorHelper] TRACE com.xxl.job.admin.dao.XxlJobGroupDao.findByAddressType - <==        Row: 1, xxl_job-executor-sample, 示例执行器, 1, 0, null
